[1.578s] Invoking command in '/home/samir/Samir/Projects_Others/ros2_ws/ros2_foxy_tutorial_ws/ros2_example_ws/build/examples_rclpy_minimal_action_server': CONDA_PROMPT_MODIFIER=(ros2) PYTHONPATH=/home/samir/Samir/Projects_Others/ros2_ws/ros2_foxy_tutorial_ws/ros2_example_ws/install/examples_rclpy_minimal_action_server/lib/python3.8/site-packages:${PYTHONPATH} _=/usr/bin/env /usr/bin/python3 setup.py develop --prefix /home/samir/Samir/Projects_Others/ros2_ws/ros2_foxy_tutorial_ws/ros2_example_ws/install/examples_rclpy_minimal_action_server --editable --build-directory /home/samir/Samir/Projects_Others/ros2_ws/ros2_foxy_tutorial_ws/ros2_example_ws/build/examples_rclpy_minimal_action_server/build --no-deps install_data --install-dir /home/samir/Samir/Projects_Others/ros2_ws/ros2_foxy_tutorial_ws/ros2_example_ws/install/examples_rclpy_minimal_action_server
[1.898s] running develop
[2.074s] running egg_info
[2.074s] writing examples_rclpy_minimal_action_server.egg-info/PKG-INFO
[2.075s] writing dependency_links to examples_rclpy_minimal_action_server.egg-info/dependency_links.txt
[2.075s] writing entry points to examples_rclpy_minimal_action_server.egg-info/entry_points.txt
[2.075s] writing requirements to examples_rclpy_minimal_action_server.egg-info/requires.txt
[2.075s] writing top-level names to examples_rclpy_minimal_action_server.egg-info/top_level.txt
[2.120s] reading manifest file 'examples_rclpy_minimal_action_server.egg-info/SOURCES.txt'
[2.123s] writing manifest file 'examples_rclpy_minimal_action_server.egg-info/SOURCES.txt'
[2.313s] running build_ext
[2.314s] Creating /home/samir/Samir/Projects_Others/ros2_ws/ros2_foxy_tutorial_ws/ros2_example_ws/install/examples_rclpy_minimal_action_server/lib/python3.8/site-packages/examples-rclpy-minimal-action-server.egg-link (link to .)
[2.318s] Installing server script to /home/samir/Samir/Projects_Others/ros2_ws/ros2_foxy_tutorial_ws/ros2_example_ws/install/examples_rclpy_minimal_action_server/lib/examples_rclpy_minimal_action_server
[2.319s] Installing server_defer script to /home/samir/Samir/Projects_Others/ros2_ws/ros2_foxy_tutorial_ws/ros2_example_ws/install/examples_rclpy_minimal_action_server/lib/examples_rclpy_minimal_action_server
[2.319s] Installing server_not_composable script to /home/samir/Samir/Projects_Others/ros2_ws/ros2_foxy_tutorial_ws/ros2_example_ws/install/examples_rclpy_minimal_action_server/lib/examples_rclpy_minimal_action_server
[2.319s] Installing server_queue_goals script to /home/samir/Samir/Projects_Others/ros2_ws/ros2_foxy_tutorial_ws/ros2_example_ws/install/examples_rclpy_minimal_action_server/lib/examples_rclpy_minimal_action_server
[2.319s] Installing server_single_goal script to /home/samir/Samir/Projects_Others/ros2_ws/ros2_foxy_tutorial_ws/ros2_example_ws/install/examples_rclpy_minimal_action_server/lib/examples_rclpy_minimal_action_server
[2.319s] 
[2.320s] Installed /home/samir/Samir/Projects_Others/ros2_ws/ros2_foxy_tutorial_ws/ros2_example_ws/build/examples_rclpy_minimal_action_server
[2.320s] running install_data
[2.320s] copying resource/examples_rclpy_minimal_action_server -> /home/samir/Samir/Projects_Others/ros2_ws/ros2_foxy_tutorial_ws/ros2_example_ws/install/examples_rclpy_minimal_action_server/share/ament_index/resource_index/packages
[2.320s] copying package.xml -> /home/samir/Samir/Projects_Others/ros2_ws/ros2_foxy_tutorial_ws/ros2_example_ws/install/examples_rclpy_minimal_action_server/share/examples_rclpy_minimal_action_server
[2.391s] Invoked command in '/home/samir/Samir/Projects_Others/ros2_ws/ros2_foxy_tutorial_ws/ros2_example_ws/build/examples_rclpy_minimal_action_server' returned '0': CONDA_PROMPT_MODIFIER=(ros2) PYTHONPATH=/home/samir/Samir/Projects_Others/ros2_ws/ros2_foxy_tutorial_ws/ros2_example_ws/install/examples_rclpy_minimal_action_server/lib/python3.8/site-packages:${PYTHONPATH} _=/usr/bin/env /usr/bin/python3 setup.py develop --prefix /home/samir/Samir/Projects_Others/ros2_ws/ros2_foxy_tutorial_ws/ros2_example_ws/install/examples_rclpy_minimal_action_server --editable --build-directory /home/samir/Samir/Projects_Others/ros2_ws/ros2_foxy_tutorial_ws/ros2_example_ws/build/examples_rclpy_minimal_action_server/build --no-deps install_data --install-dir /home/samir/Samir/Projects_Others/ros2_ws/ros2_foxy_tutorial_ws/ros2_example_ws/install/examples_rclpy_minimal_action_server
