[0.071s] Invoking command in '/home/samir/Samir/Projects_Others/ros2_ws/ros2_foxy_tutorial_ws/ros2_example_ws/build/examples_rclcpp_minimal_timer': CMAKE_PREFIX_PATH=${CMAKE_PREFIX_PATH}:/home/samir/Samir/Projects_Others/ros2_ws/ros2_foxy_tutorial_ws/dev_ws/install/python_parameters:/home/samir/Samir/Projects_Others/ros2_ws/ros2_foxy_tutorial_ws/dev_ws/install/py_srvcli:/home/samir/Samir/Projects_Others/ros2_ws/ros2_foxy_tutorial_ws/dev_ws/install/py_pubsub:/home/samir/Samir/Projects_Others/ros2_ws/ros2_foxy_tutorial_ws/dev_ws/install/my_package_python:/opt/ros/foxy /usr/bin/cmake /home/samir/Samir/Projects_Others/ros2_ws/ros2_foxy_tutorial_ws/ros2_example_ws/src/examples/rclcpp/timers/minimal_timer -DAMENT_CMAKE_SYMLINK_INSTALL=1 -DCMAKE_INSTALL_PREFIX=/home/samir/Samir/Projects_Others/ros2_ws/ros2_foxy_tutorial_ws/ros2_example_ws/install/examples_rclcpp_minimal_timer
[1.445s] -- The C compiler identification is GNU 9.3.0
[1.445s] -- The CXX compiler identification is GNU 9.3.0
[1.445s] -- Check for working C compiler: /usr/bin/cc
[1.445s] -- Check for working C compiler: /usr/bin/cc -- works
[1.445s] -- Detecting C compiler ABI info
[1.445s] -- Detecting C compiler ABI info - done
[1.445s] -- Detecting C compile features
[1.445s] -- Detecting C compile features - done
[1.445s] -- Check for working CXX compiler: /usr/bin/c++
[1.446s] -- Check for working CXX compiler: /usr/bin/c++ -- works
[1.446s] -- Detecting CXX compiler ABI info
[1.446s] -- Detecting CXX compiler ABI info - done
[1.446s] -- Detecting CXX compile features
[1.446s] -- Detecting CXX compile features - done
[1.446s] -- Found ament_cmake: 0.9.8 (/opt/ros/foxy/share/ament_cmake/cmake)
[1.446s] -- Found PythonInterp: /usr/bin/python3 (found suitable version "3.8.10", minimum required is "3") 
[1.446s] -- Using PYTHON_EXECUTABLE: /usr/bin/python3
[1.446s] -- Override CMake install command with custom implementation using symlinks instead of copying resources
[1.446s] -- Found rclcpp: 2.3.1 (/opt/ros/foxy/share/rclcpp/cmake)
[1.446s] -- Using all available rosidl_typesupport_c: rosidl_typesupport_fastrtps_c;rosidl_typesupport_introspection_c
[1.446s] -- Found rosidl_adapter: 1.2.1 (/opt/ros/foxy/share/rosidl_adapter/cmake)
[1.447s] -- Found OpenSSL: /usr/lib/x86_64-linux-gnu/libcrypto.so (found version "1.1.1f")  
[1.447s] -- Found FastRTPS: /opt/ros/foxy/include  
[1.447s] -- Using all available rosidl_typesupport_cpp: rosidl_typesupport_fastrtps_cpp;rosidl_typesupport_introspection_cpp
[1.447s] -- Found rmw_implementation_cmake: 1.0.3 (/opt/ros/foxy/share/rmw_implementation_cmake/cmake)
[1.447s] -- Using RMW implementation 'rmw_fastrtps_cpp' as default
[1.447s] -- Looking for pthread.h
[1.447s] -- Looking for pthread.h - found
[1.447s] -- Performing Test CMAKE_HAVE_LIBC_PTHREAD
[1.447s] -- Performing Test CMAKE_HAVE_LIBC_PTHREAD - Failed
[1.447s] -- Looking for pthread_create in pthreads
[1.447s] -- Looking for pthread_create in pthreads - not found
[1.447s] -- Looking for pthread_create in pthread
[1.447s] -- Looking for pthread_create in pthread - found
[1.448s] -- Found Threads: TRUE  
[1.448s] -- Found ament_lint_auto: 0.9.6 (/opt/ros/foxy/share/ament_lint_auto/cmake)
[1.457s] -- Added test 'copyright' to check source files copyright and LICENSE
[1.457s] -- Added test 'cppcheck' to perform static code analysis on C / C++ code
[1.457s] -- Configured cppcheck include dirs: 
[1.457s] -- Configured cppcheck exclude dirs and/or files: 
[1.457s] -- Added test 'cpplint' to check C / C++ code against the Google style
[1.457s] -- Configured cpplint exclude dirs and/or files: 
[1.457s] -- Added test 'lint_cmake' to check CMake code style
[1.457s] -- Added test 'uncrustify' to check C / C++ code style
[1.457s] -- Configured uncrustify additional arguments: 
[1.458s] -- Added test 'xmllint' to check XML markup files
[1.461s] -- Configuring done
[1.472s] -- Generating done
[1.473s] -- Build files have been written to: /home/samir/Samir/Projects_Others/ros2_ws/ros2_foxy_tutorial_ws/ros2_example_ws/build/examples_rclcpp_minimal_timer
[1.481s] Invoked command in '/home/samir/Samir/Projects_Others/ros2_ws/ros2_foxy_tutorial_ws/ros2_example_ws/build/examples_rclcpp_minimal_timer' returned '0': CMAKE_PREFIX_PATH=${CMAKE_PREFIX_PATH}:/home/samir/Samir/Projects_Others/ros2_ws/ros2_foxy_tutorial_ws/dev_ws/install/python_parameters:/home/samir/Samir/Projects_Others/ros2_ws/ros2_foxy_tutorial_ws/dev_ws/install/py_srvcli:/home/samir/Samir/Projects_Others/ros2_ws/ros2_foxy_tutorial_ws/dev_ws/install/py_pubsub:/home/samir/Samir/Projects_Others/ros2_ws/ros2_foxy_tutorial_ws/dev_ws/install/my_package_python:/opt/ros/foxy /usr/bin/cmake /home/samir/Samir/Projects_Others/ros2_ws/ros2_foxy_tutorial_ws/ros2_example_ws/src/examples/rclcpp/timers/minimal_timer -DAMENT_CMAKE_SYMLINK_INSTALL=1 -DCMAKE_INSTALL_PREFIX=/home/samir/Samir/Projects_Others/ros2_ws/ros2_foxy_tutorial_ws/ros2_example_ws/install/examples_rclcpp_minimal_timer
[1.485s] Invoking command in '/home/samir/Samir/Projects_Others/ros2_ws/ros2_foxy_tutorial_ws/ros2_example_ws/build/examples_rclcpp_minimal_timer': CMAKE_PREFIX_PATH=${CMAKE_PREFIX_PATH}:/home/samir/Samir/Projects_Others/ros2_ws/ros2_foxy_tutorial_ws/dev_ws/install/python_parameters:/home/samir/Samir/Projects_Others/ros2_ws/ros2_foxy_tutorial_ws/dev_ws/install/py_srvcli:/home/samir/Samir/Projects_Others/ros2_ws/ros2_foxy_tutorial_ws/dev_ws/install/py_pubsub:/home/samir/Samir/Projects_Others/ros2_ws/ros2_foxy_tutorial_ws/dev_ws/install/my_package_python:/opt/ros/foxy /usr/bin/cmake --build /home/samir/Samir/Projects_Others/ros2_ws/ros2_foxy_tutorial_ws/ros2_example_ws/build/examples_rclcpp_minimal_timer -- -j24 -l24
[1.521s] [35m[1mScanning dependencies of target timer_member_function[0m
[1.522s] [35m[1mScanning dependencies of target timer_lambda[0m
[1.556s] [ 25%] [32mBuilding CXX object CMakeFiles/timer_member_function.dir/member_function.cpp.o[0m
[1.567s] [ 50%] [32mBuilding CXX object CMakeFiles/timer_lambda.dir/lambda.cpp.o[0m
[3.634s] [ 75%] [32m[1mLinking CXX executable timer_lambda[0m
[3.639s] [100%] [32m[1mLinking CXX executable timer_member_function[0m
[3.799s] [100%] Built target timer_lambda
[3.807s] [100%] Built target timer_member_function
[3.819s] Invoked command in '/home/samir/Samir/Projects_Others/ros2_ws/ros2_foxy_tutorial_ws/ros2_example_ws/build/examples_rclcpp_minimal_timer' returned '0': CMAKE_PREFIX_PATH=${CMAKE_PREFIX_PATH}:/home/samir/Samir/Projects_Others/ros2_ws/ros2_foxy_tutorial_ws/dev_ws/install/python_parameters:/home/samir/Samir/Projects_Others/ros2_ws/ros2_foxy_tutorial_ws/dev_ws/install/py_srvcli:/home/samir/Samir/Projects_Others/ros2_ws/ros2_foxy_tutorial_ws/dev_ws/install/py_pubsub:/home/samir/Samir/Projects_Others/ros2_ws/ros2_foxy_tutorial_ws/dev_ws/install/my_package_python:/opt/ros/foxy /usr/bin/cmake --build /home/samir/Samir/Projects_Others/ros2_ws/ros2_foxy_tutorial_ws/ros2_example_ws/build/examples_rclcpp_minimal_timer -- -j24 -l24
[3.856s] Invoking command in '/home/samir/Samir/Projects_Others/ros2_ws/ros2_foxy_tutorial_ws/ros2_example_ws/build/examples_rclcpp_minimal_timer': CMAKE_PREFIX_PATH=${CMAKE_PREFIX_PATH}:/home/samir/Samir/Projects_Others/ros2_ws/ros2_foxy_tutorial_ws/dev_ws/install/python_parameters:/home/samir/Samir/Projects_Others/ros2_ws/ros2_foxy_tutorial_ws/dev_ws/install/py_srvcli:/home/samir/Samir/Projects_Others/ros2_ws/ros2_foxy_tutorial_ws/dev_ws/install/py_pubsub:/home/samir/Samir/Projects_Others/ros2_ws/ros2_foxy_tutorial_ws/dev_ws/install/my_package_python:/opt/ros/foxy /usr/bin/cmake --install /home/samir/Samir/Projects_Others/ros2_ws/ros2_foxy_tutorial_ws/ros2_example_ws/build/examples_rclcpp_minimal_timer
[3.867s] -- Install configuration: ""
[3.868s] -- Execute custom install script
[3.868s] -- Symlinking: /home/samir/Samir/Projects_Others/ros2_ws/ros2_foxy_tutorial_ws/ros2_example_ws/install/examples_rclcpp_minimal_timer/lib/examples_rclcpp_minimal_timer/timer_lambda
[3.877s] -- Symlinking: /home/samir/Samir/Projects_Others/ros2_ws/ros2_foxy_tutorial_ws/ros2_example_ws/install/examples_rclcpp_minimal_timer/lib/examples_rclcpp_minimal_timer/timer_member_function
[3.886s] -- Symlinking: /home/samir/Samir/Projects_Others/ros2_ws/ros2_foxy_tutorial_ws/ros2_example_ws/install/examples_rclcpp_minimal_timer/share/ament_index/resource_index/package_run_dependencies/examples_rclcpp_minimal_timer
[3.894s] -- Symlinking: /home/samir/Samir/Projects_Others/ros2_ws/ros2_foxy_tutorial_ws/ros2_example_ws/install/examples_rclcpp_minimal_timer/share/ament_index/resource_index/parent_prefix_path/examples_rclcpp_minimal_timer
[3.903s] -- Symlinking: /home/samir/Samir/Projects_Others/ros2_ws/ros2_foxy_tutorial_ws/ros2_example_ws/install/examples_rclcpp_minimal_timer/share/examples_rclcpp_minimal_timer/environment/ament_prefix_path.sh
[3.912s] -- Symlinking: /home/samir/Samir/Projects_Others/ros2_ws/ros2_foxy_tutorial_ws/ros2_example_ws/install/examples_rclcpp_minimal_timer/share/examples_rclcpp_minimal_timer/environment/ament_prefix_path.dsv
[3.921s] -- Symlinking: /home/samir/Samir/Projects_Others/ros2_ws/ros2_foxy_tutorial_ws/ros2_example_ws/install/examples_rclcpp_minimal_timer/share/examples_rclcpp_minimal_timer/environment/path.sh
[3.929s] -- Symlinking: /home/samir/Samir/Projects_Others/ros2_ws/ros2_foxy_tutorial_ws/ros2_example_ws/install/examples_rclcpp_minimal_timer/share/examples_rclcpp_minimal_timer/environment/path.dsv
[3.942s] -- Symlinking: /home/samir/Samir/Projects_Others/ros2_ws/ros2_foxy_tutorial_ws/ros2_example_ws/install/examples_rclcpp_minimal_timer/share/examples_rclcpp_minimal_timer/local_setup.bash
[3.951s] -- Symlinking: /home/samir/Samir/Projects_Others/ros2_ws/ros2_foxy_tutorial_ws/ros2_example_ws/install/examples_rclcpp_minimal_timer/share/examples_rclcpp_minimal_timer/local_setup.sh
[3.959s] -- Symlinking: /home/samir/Samir/Projects_Others/ros2_ws/ros2_foxy_tutorial_ws/ros2_example_ws/install/examples_rclcpp_minimal_timer/share/examples_rclcpp_minimal_timer/local_setup.zsh
[3.968s] -- Symlinking: /home/samir/Samir/Projects_Others/ros2_ws/ros2_foxy_tutorial_ws/ros2_example_ws/install/examples_rclcpp_minimal_timer/share/examples_rclcpp_minimal_timer/local_setup.dsv
[3.979s] -- Symlinking: /home/samir/Samir/Projects_Others/ros2_ws/ros2_foxy_tutorial_ws/ros2_example_ws/install/examples_rclcpp_minimal_timer/share/examples_rclcpp_minimal_timer/package.dsv
[3.992s] -- Symlinking: /home/samir/Samir/Projects_Others/ros2_ws/ros2_foxy_tutorial_ws/ros2_example_ws/install/examples_rclcpp_minimal_timer/share/ament_index/resource_index/packages/examples_rclcpp_minimal_timer
[4.003s] -- Symlinking: /home/samir/Samir/Projects_Others/ros2_ws/ros2_foxy_tutorial_ws/ros2_example_ws/install/examples_rclcpp_minimal_timer/share/examples_rclcpp_minimal_timer/cmake/examples_rclcpp_minimal_timerConfig.cmake
[4.013s] -- Symlinking: /home/samir/Samir/Projects_Others/ros2_ws/ros2_foxy_tutorial_ws/ros2_example_ws/install/examples_rclcpp_minimal_timer/share/examples_rclcpp_minimal_timer/cmake/examples_rclcpp_minimal_timerConfig-version.cmake
[4.024s] -- Symlinking: /home/samir/Samir/Projects_Others/ros2_ws/ros2_foxy_tutorial_ws/ros2_example_ws/install/examples_rclcpp_minimal_timer/share/examples_rclcpp_minimal_timer/package.xml
[4.039s] Invoked command in '/home/samir/Samir/Projects_Others/ros2_ws/ros2_foxy_tutorial_ws/ros2_example_ws/build/examples_rclcpp_minimal_timer' returned '0': CMAKE_PREFIX_PATH=${CMAKE_PREFIX_PATH}:/home/samir/Samir/Projects_Others/ros2_ws/ros2_foxy_tutorial_ws/dev_ws/install/python_parameters:/home/samir/Samir/Projects_Others/ros2_ws/ros2_foxy_tutorial_ws/dev_ws/install/py_srvcli:/home/samir/Samir/Projects_Others/ros2_ws/ros2_foxy_tutorial_ws/dev_ws/install/py_pubsub:/home/samir/Samir/Projects_Others/ros2_ws/ros2_foxy_tutorial_ws/dev_ws/install/my_package_python:/opt/ros/foxy /usr/bin/cmake --install /home/samir/Samir/Projects_Others/ros2_ws/ros2_foxy_tutorial_ws/ros2_example_ws/build/examples_rclcpp_minimal_timer
