[1.417s] Invoking command in '/home/samir/Samir/Projects_Others/ros2_ws/ros2_foxy_tutorial_ws/ros2_example_ws/build/examples_rclpy_minimal_service': PYTHONPATH=/home/samir/Samir/Projects_Others/ros2_ws/ros2_foxy_tutorial_ws/ros2_example_ws/install/examples_rclpy_minimal_service/lib/python3.8/site-packages:${PYTHONPATH} /usr/bin/python3 setup.py develop --prefix /home/samir/Samir/Projects_Others/ros2_ws/ros2_foxy_tutorial_ws/ros2_example_ws/install/examples_rclpy_minimal_service --editable --build-directory /home/samir/Samir/Projects_Others/ros2_ws/ros2_foxy_tutorial_ws/ros2_example_ws/build/examples_rclpy_minimal_service/build --no-deps install_data --install-dir /home/samir/Samir/Projects_Others/ros2_ws/ros2_foxy_tutorial_ws/ros2_example_ws/install/examples_rclpy_minimal_service
[1.613s] running develop
[1.839s] running egg_info
[1.839s] creating examples_rclpy_minimal_service.egg-info
[1.839s] writing examples_rclpy_minimal_service.egg-info/PKG-INFO
[1.840s] writing dependency_links to examples_rclpy_minimal_service.egg-info/dependency_links.txt
[1.840s] writing entry points to examples_rclpy_minimal_service.egg-info/entry_points.txt
[1.840s] writing requirements to examples_rclpy_minimal_service.egg-info/requires.txt
[1.840s] writing top-level names to examples_rclpy_minimal_service.egg-info/top_level.txt
[1.841s] writing manifest file 'examples_rclpy_minimal_service.egg-info/SOURCES.txt'
[1.881s] reading manifest file 'examples_rclpy_minimal_service.egg-info/SOURCES.txt'
[1.881s] writing manifest file 'examples_rclpy_minimal_service.egg-info/SOURCES.txt'
[1.928s] running build_ext
[1.928s] Creating /home/samir/Samir/Projects_Others/ros2_ws/ros2_foxy_tutorial_ws/ros2_example_ws/install/examples_rclpy_minimal_service/lib/python3.8/site-packages/site.py
[1.928s] Creating /home/samir/Samir/Projects_Others/ros2_ws/ros2_foxy_tutorial_ws/ros2_example_ws/install/examples_rclpy_minimal_service/lib/python3.8/site-packages/examples-rclpy-minimal-service.egg-link (link to .)
[1.928s] Installing service script to /home/samir/Samir/Projects_Others/ros2_ws/ros2_foxy_tutorial_ws/ros2_example_ws/install/examples_rclpy_minimal_service/lib/examples_rclpy_minimal_service
[1.928s] Installing service_member_function script to /home/samir/Samir/Projects_Others/ros2_ws/ros2_foxy_tutorial_ws/ros2_example_ws/install/examples_rclpy_minimal_service/lib/examples_rclpy_minimal_service
[1.928s] 
[1.928s] Installed /home/samir/Samir/Projects_Others/ros2_ws/ros2_foxy_tutorial_ws/ros2_example_ws/build/examples_rclpy_minimal_service
[1.928s] running install_data
[1.929s] creating /home/samir/Samir/Projects_Others/ros2_ws/ros2_foxy_tutorial_ws/ros2_example_ws/install/examples_rclpy_minimal_service/share/ament_index
[1.929s] creating /home/samir/Samir/Projects_Others/ros2_ws/ros2_foxy_tutorial_ws/ros2_example_ws/install/examples_rclpy_minimal_service/share/ament_index/resource_index
[1.929s] creating /home/samir/Samir/Projects_Others/ros2_ws/ros2_foxy_tutorial_ws/ros2_example_ws/install/examples_rclpy_minimal_service/share/ament_index/resource_index/packages
[1.929s] copying resource/examples_rclpy_minimal_service -> /home/samir/Samir/Projects_Others/ros2_ws/ros2_foxy_tutorial_ws/ros2_example_ws/install/examples_rclpy_minimal_service/share/ament_index/resource_index/packages
[1.929s] copying package.xml -> /home/samir/Samir/Projects_Others/ros2_ws/ros2_foxy_tutorial_ws/ros2_example_ws/install/examples_rclpy_minimal_service/share/examples_rclpy_minimal_service
[1.994s] Invoked command in '/home/samir/Samir/Projects_Others/ros2_ws/ros2_foxy_tutorial_ws/ros2_example_ws/build/examples_rclpy_minimal_service' returned '0': PYTHONPATH=/home/samir/Samir/Projects_Others/ros2_ws/ros2_foxy_tutorial_ws/ros2_example_ws/install/examples_rclpy_minimal_service/lib/python3.8/site-packages:${PYTHONPATH} /usr/bin/python3 setup.py develop --prefix /home/samir/Samir/Projects_Others/ros2_ws/ros2_foxy_tutorial_ws/ros2_example_ws/install/examples_rclpy_minimal_service --editable --build-directory /home/samir/Samir/Projects_Others/ros2_ws/ros2_foxy_tutorial_ws/ros2_example_ws/build/examples_rclpy_minimal_service/build --no-deps install_data --install-dir /home/samir/Samir/Projects_Others/ros2_ws/ros2_foxy_tutorial_ws/ros2_example_ws/install/examples_rclpy_minimal_service
