[1.434s] Invoking command in '/home/samir/Samir/Projects_Others/ros2_ws/ros2_foxy_tutorial_ws/ros2_example_ws/build/examples_rclpy_minimal_action_client': PYTHONPATH=/home/samir/Samir/Projects_Others/ros2_ws/ros2_foxy_tutorial_ws/ros2_example_ws/install/examples_rclpy_minimal_action_client/lib/python3.8/site-packages:${PYTHONPATH} /usr/bin/python3 setup.py develop --prefix /home/samir/Samir/Projects_Others/ros2_ws/ros2_foxy_tutorial_ws/ros2_example_ws/install/examples_rclpy_minimal_action_client --editable --build-directory /home/samir/Samir/Projects_Others/ros2_ws/ros2_foxy_tutorial_ws/ros2_example_ws/build/examples_rclpy_minimal_action_client/build --no-deps install_data --install-dir /home/samir/Samir/Projects_Others/ros2_ws/ros2_foxy_tutorial_ws/ros2_example_ws/install/examples_rclpy_minimal_action_client
[1.628s] running develop
[1.786s] running egg_info
[1.787s] creating examples_rclpy_minimal_action_client.egg-info
[1.787s] writing examples_rclpy_minimal_action_client.egg-info/PKG-INFO
[1.787s] writing dependency_links to examples_rclpy_minimal_action_client.egg-info/dependency_links.txt
[1.787s] writing entry points to examples_rclpy_minimal_action_client.egg-info/entry_points.txt
[1.787s] writing requirements to examples_rclpy_minimal_action_client.egg-info/requires.txt
[1.787s] writing top-level names to examples_rclpy_minimal_action_client.egg-info/top_level.txt
[1.789s] writing manifest file 'examples_rclpy_minimal_action_client.egg-info/SOURCES.txt'
[1.827s] reading manifest file 'examples_rclpy_minimal_action_client.egg-info/SOURCES.txt'
[1.828s] writing manifest file 'examples_rclpy_minimal_action_client.egg-info/SOURCES.txt'
[1.914s] running build_ext
[1.914s] Creating /home/samir/Samir/Projects_Others/ros2_ws/ros2_foxy_tutorial_ws/ros2_example_ws/install/examples_rclpy_minimal_action_client/lib/python3.8/site-packages/site.py
[1.918s] Creating /home/samir/Samir/Projects_Others/ros2_ws/ros2_foxy_tutorial_ws/ros2_example_ws/install/examples_rclpy_minimal_action_client/lib/python3.8/site-packages/examples-rclpy-minimal-action-client.egg-link (link to .)
[1.918s] Installing client script to /home/samir/Samir/Projects_Others/ros2_ws/ros2_foxy_tutorial_ws/ros2_example_ws/install/examples_rclpy_minimal_action_client/lib/examples_rclpy_minimal_action_client
[1.919s] Installing client_cancel script to /home/samir/Samir/Projects_Others/ros2_ws/ros2_foxy_tutorial_ws/ros2_example_ws/install/examples_rclpy_minimal_action_client/lib/examples_rclpy_minimal_action_client
[1.919s] Installing client_not_composable script to /home/samir/Samir/Projects_Others/ros2_ws/ros2_foxy_tutorial_ws/ros2_example_ws/install/examples_rclpy_minimal_action_client/lib/examples_rclpy_minimal_action_client
[1.931s] 
[1.932s] Installed /home/samir/Samir/Projects_Others/ros2_ws/ros2_foxy_tutorial_ws/ros2_example_ws/build/examples_rclpy_minimal_action_client
[1.932s] running install_data
[1.932s] creating /home/samir/Samir/Projects_Others/ros2_ws/ros2_foxy_tutorial_ws/ros2_example_ws/install/examples_rclpy_minimal_action_client/share/ament_index
[1.932s] creating /home/samir/Samir/Projects_Others/ros2_ws/ros2_foxy_tutorial_ws/ros2_example_ws/install/examples_rclpy_minimal_action_client/share/ament_index/resource_index
[1.932s] creating /home/samir/Samir/Projects_Others/ros2_ws/ros2_foxy_tutorial_ws/ros2_example_ws/install/examples_rclpy_minimal_action_client/share/ament_index/resource_index/packages
[1.932s] copying resource/examples_rclpy_minimal_action_client -> /home/samir/Samir/Projects_Others/ros2_ws/ros2_foxy_tutorial_ws/ros2_example_ws/install/examples_rclpy_minimal_action_client/share/ament_index/resource_index/packages
[1.932s] copying package.xml -> /home/samir/Samir/Projects_Others/ros2_ws/ros2_foxy_tutorial_ws/ros2_example_ws/install/examples_rclpy_minimal_action_client/share/examples_rclpy_minimal_action_client
[2.001s] Invoked command in '/home/samir/Samir/Projects_Others/ros2_ws/ros2_foxy_tutorial_ws/ros2_example_ws/build/examples_rclpy_minimal_action_client' returned '0': PYTHONPATH=/home/samir/Samir/Projects_Others/ros2_ws/ros2_foxy_tutorial_ws/ros2_example_ws/install/examples_rclpy_minimal_action_client/lib/python3.8/site-packages:${PYTHONPATH} /usr/bin/python3 setup.py develop --prefix /home/samir/Samir/Projects_Others/ros2_ws/ros2_foxy_tutorial_ws/ros2_example_ws/install/examples_rclpy_minimal_action_client --editable --build-directory /home/samir/Samir/Projects_Others/ros2_ws/ros2_foxy_tutorial_ws/ros2_example_ws/build/examples_rclpy_minimal_action_client/build --no-deps install_data --install-dir /home/samir/Samir/Projects_Others/ros2_ws/ros2_foxy_tutorial_ws/ros2_example_ws/install/examples_rclpy_minimal_action_client
