[1.579s] Invoking command in '/home/samir/Samir/Projects_Others/ros2_ws/ros2_foxy_tutorial_ws/ros2_example_ws/build/examples_rclpy_minimal_client': CONDA_PROMPT_MODIFIER=(ros2) PYTHONPATH=/home/samir/Samir/Projects_Others/ros2_ws/ros2_foxy_tutorial_ws/ros2_example_ws/install/examples_rclpy_minimal_client/lib/python3.8/site-packages:${PYTHONPATH} _=/usr/bin/env /usr/bin/python3 setup.py develop --prefix /home/samir/Samir/Projects_Others/ros2_ws/ros2_foxy_tutorial_ws/ros2_example_ws/install/examples_rclpy_minimal_client --editable --build-directory /home/samir/Samir/Projects_Others/ros2_ws/ros2_foxy_tutorial_ws/ros2_example_ws/build/examples_rclpy_minimal_client/build --no-deps install_data --install-dir /home/samir/Samir/Projects_Others/ros2_ws/ros2_foxy_tutorial_ws/ros2_example_ws/install/examples_rclpy_minimal_client
[1.931s] running develop
[2.129s] running egg_info
[2.130s] writing examples_rclpy_minimal_client.egg-info/PKG-INFO
[2.130s] writing dependency_links to examples_rclpy_minimal_client.egg-info/dependency_links.txt
[2.130s] writing entry points to examples_rclpy_minimal_client.egg-info/entry_points.txt
[2.130s] writing requirements to examples_rclpy_minimal_client.egg-info/requires.txt
[2.130s] writing top-level names to examples_rclpy_minimal_client.egg-info/top_level.txt
[2.170s] reading manifest file 'examples_rclpy_minimal_client.egg-info/SOURCES.txt'
[2.171s] writing manifest file 'examples_rclpy_minimal_client.egg-info/SOURCES.txt'
[2.312s] running build_ext
[2.317s] Creating /home/samir/Samir/Projects_Others/ros2_ws/ros2_foxy_tutorial_ws/ros2_example_ws/install/examples_rclpy_minimal_client/lib/python3.8/site-packages/examples-rclpy-minimal-client.egg-link (link to .)
[2.318s] Installing client script to /home/samir/Samir/Projects_Others/ros2_ws/ros2_foxy_tutorial_ws/ros2_example_ws/install/examples_rclpy_minimal_client/lib/examples_rclpy_minimal_client
[2.321s] Installing client_async script to /home/samir/Samir/Projects_Others/ros2_ws/ros2_foxy_tutorial_ws/ros2_example_ws/install/examples_rclpy_minimal_client/lib/examples_rclpy_minimal_client
[2.321s] Installing client_async_callback script to /home/samir/Samir/Projects_Others/ros2_ws/ros2_foxy_tutorial_ws/ros2_example_ws/install/examples_rclpy_minimal_client/lib/examples_rclpy_minimal_client
[2.321s] Installing client_async_member_function script to /home/samir/Samir/Projects_Others/ros2_ws/ros2_foxy_tutorial_ws/ros2_example_ws/install/examples_rclpy_minimal_client/lib/examples_rclpy_minimal_client
[2.322s] 
[2.322s] Installed /home/samir/Samir/Projects_Others/ros2_ws/ros2_foxy_tutorial_ws/ros2_example_ws/build/examples_rclpy_minimal_client
[2.322s] running install_data
[2.322s] copying resource/examples_rclpy_minimal_client -> /home/samir/Samir/Projects_Others/ros2_ws/ros2_foxy_tutorial_ws/ros2_example_ws/install/examples_rclpy_minimal_client/share/ament_index/resource_index/packages
[2.322s] copying package.xml -> /home/samir/Samir/Projects_Others/ros2_ws/ros2_foxy_tutorial_ws/ros2_example_ws/install/examples_rclpy_minimal_client/share/examples_rclpy_minimal_client
[2.434s] Invoked command in '/home/samir/Samir/Projects_Others/ros2_ws/ros2_foxy_tutorial_ws/ros2_example_ws/build/examples_rclpy_minimal_client' returned '0': CONDA_PROMPT_MODIFIER=(ros2) PYTHONPATH=/home/samir/Samir/Projects_Others/ros2_ws/ros2_foxy_tutorial_ws/ros2_example_ws/install/examples_rclpy_minimal_client/lib/python3.8/site-packages:${PYTHONPATH} _=/usr/bin/env /usr/bin/python3 setup.py develop --prefix /home/samir/Samir/Projects_Others/ros2_ws/ros2_foxy_tutorial_ws/ros2_example_ws/install/examples_rclpy_minimal_client --editable --build-directory /home/samir/Samir/Projects_Others/ros2_ws/ros2_foxy_tutorial_ws/ros2_example_ws/build/examples_rclpy_minimal_client/build --no-deps install_data --install-dir /home/samir/Samir/Projects_Others/ros2_ws/ros2_foxy_tutorial_ws/ros2_example_ws/install/examples_rclpy_minimal_client
