[1.577s] Invoking command in '/home/samir/Samir/Projects_Others/ros2_ws/ros2_foxy_tutorial_ws/ros2_example_ws/build/examples_rclpy_minimal_publisher': CONDA_PROMPT_MODIFIER=(ros2) PYTHONPATH=/home/samir/Samir/Projects_Others/ros2_ws/ros2_foxy_tutorial_ws/ros2_example_ws/install/examples_rclpy_minimal_publisher/lib/python3.8/site-packages:${PYTHONPATH} _=/usr/bin/env /usr/bin/python3 setup.py develop --prefix /home/samir/Samir/Projects_Others/ros2_ws/ros2_foxy_tutorial_ws/ros2_example_ws/install/examples_rclpy_minimal_publisher --editable --build-directory /home/samir/Samir/Projects_Others/ros2_ws/ros2_foxy_tutorial_ws/ros2_example_ws/build/examples_rclpy_minimal_publisher/build --no-deps install_data --install-dir /home/samir/Samir/Projects_Others/ros2_ws/ros2_foxy_tutorial_ws/ros2_example_ws/install/examples_rclpy_minimal_publisher
[1.927s] running develop
[2.120s] running egg_info
[2.120s] writing examples_rclpy_minimal_publisher.egg-info/PKG-INFO
[2.120s] writing dependency_links to examples_rclpy_minimal_publisher.egg-info/dependency_links.txt
[2.120s] writing entry points to examples_rclpy_minimal_publisher.egg-info/entry_points.txt
[2.120s] writing requirements to examples_rclpy_minimal_publisher.egg-info/requires.txt
[2.120s] writing top-level names to examples_rclpy_minimal_publisher.egg-info/top_level.txt
[2.159s] reading manifest file 'examples_rclpy_minimal_publisher.egg-info/SOURCES.txt'
[2.164s] writing manifest file 'examples_rclpy_minimal_publisher.egg-info/SOURCES.txt'
[2.305s] running build_ext
[2.311s] Creating /home/samir/Samir/Projects_Others/ros2_ws/ros2_foxy_tutorial_ws/ros2_example_ws/install/examples_rclpy_minimal_publisher/lib/python3.8/site-packages/examples-rclpy-minimal-publisher.egg-link (link to .)
[2.312s] Installing publisher_local_function script to /home/samir/Samir/Projects_Others/ros2_ws/ros2_foxy_tutorial_ws/ros2_example_ws/install/examples_rclpy_minimal_publisher/lib/examples_rclpy_minimal_publisher
[2.312s] Installing publisher_member_function script to /home/samir/Samir/Projects_Others/ros2_ws/ros2_foxy_tutorial_ws/ros2_example_ws/install/examples_rclpy_minimal_publisher/lib/examples_rclpy_minimal_publisher
[2.313s] Installing publisher_old_school script to /home/samir/Samir/Projects_Others/ros2_ws/ros2_foxy_tutorial_ws/ros2_example_ws/install/examples_rclpy_minimal_publisher/lib/examples_rclpy_minimal_publisher
[2.313s] 
[2.313s] Installed /home/samir/Samir/Projects_Others/ros2_ws/ros2_foxy_tutorial_ws/ros2_example_ws/build/examples_rclpy_minimal_publisher
[2.313s] running install_data
[2.314s] copying resource/examples_rclpy_minimal_publisher -> /home/samir/Samir/Projects_Others/ros2_ws/ros2_foxy_tutorial_ws/ros2_example_ws/install/examples_rclpy_minimal_publisher/share/ament_index/resource_index/packages
[2.315s] copying package.xml -> /home/samir/Samir/Projects_Others/ros2_ws/ros2_foxy_tutorial_ws/ros2_example_ws/install/examples_rclpy_minimal_publisher/share/examples_rclpy_minimal_publisher
[2.393s] Invoked command in '/home/samir/Samir/Projects_Others/ros2_ws/ros2_foxy_tutorial_ws/ros2_example_ws/build/examples_rclpy_minimal_publisher' returned '0': CONDA_PROMPT_MODIFIER=(ros2) PYTHONPATH=/home/samir/Samir/Projects_Others/ros2_ws/ros2_foxy_tutorial_ws/ros2_example_ws/install/examples_rclpy_minimal_publisher/lib/python3.8/site-packages:${PYTHONPATH} _=/usr/bin/env /usr/bin/python3 setup.py develop --prefix /home/samir/Samir/Projects_Others/ros2_ws/ros2_foxy_tutorial_ws/ros2_example_ws/install/examples_rclpy_minimal_publisher --editable --build-directory /home/samir/Samir/Projects_Others/ros2_ws/ros2_foxy_tutorial_ws/ros2_example_ws/build/examples_rclpy_minimal_publisher/build --no-deps install_data --install-dir /home/samir/Samir/Projects_Others/ros2_ws/ros2_foxy_tutorial_ws/ros2_example_ws/install/examples_rclpy_minimal_publisher
