[1.430s] Invoking command in '/home/samir/Samir/Projects_Others/ros2_ws/ros2_foxy_tutorial_ws/ros2_example_ws/build/examples_rclpy_minimal_action_server': PYTHONPATH=/home/samir/Samir/Projects_Others/ros2_ws/ros2_foxy_tutorial_ws/ros2_example_ws/install/examples_rclpy_minimal_action_server/lib/python3.8/site-packages:${PYTHONPATH} /usr/bin/python3 setup.py develop --prefix /home/samir/Samir/Projects_Others/ros2_ws/ros2_foxy_tutorial_ws/ros2_example_ws/install/examples_rclpy_minimal_action_server --editable --build-directory /home/samir/Samir/Projects_Others/ros2_ws/ros2_foxy_tutorial_ws/ros2_example_ws/build/examples_rclpy_minimal_action_server/build --no-deps install_data --install-dir /home/samir/Samir/Projects_Others/ros2_ws/ros2_foxy_tutorial_ws/ros2_example_ws/install/examples_rclpy_minimal_action_server
[1.637s] running develop
[1.816s] running egg_info
[1.816s] creating examples_rclpy_minimal_action_server.egg-info
[1.816s] writing examples_rclpy_minimal_action_server.egg-info/PKG-INFO
[1.817s] writing dependency_links to examples_rclpy_minimal_action_server.egg-info/dependency_links.txt
[1.817s] writing entry points to examples_rclpy_minimal_action_server.egg-info/entry_points.txt
[1.817s] writing requirements to examples_rclpy_minimal_action_server.egg-info/requires.txt
[1.817s] writing top-level names to examples_rclpy_minimal_action_server.egg-info/top_level.txt
[1.818s] writing manifest file 'examples_rclpy_minimal_action_server.egg-info/SOURCES.txt'
[1.857s] reading manifest file 'examples_rclpy_minimal_action_server.egg-info/SOURCES.txt'
[1.857s] writing manifest file 'examples_rclpy_minimal_action_server.egg-info/SOURCES.txt'
[1.898s] running build_ext
[1.898s] Creating /home/samir/Samir/Projects_Others/ros2_ws/ros2_foxy_tutorial_ws/ros2_example_ws/install/examples_rclpy_minimal_action_server/lib/python3.8/site-packages/site.py
[1.902s] Creating /home/samir/Samir/Projects_Others/ros2_ws/ros2_foxy_tutorial_ws/ros2_example_ws/install/examples_rclpy_minimal_action_server/lib/python3.8/site-packages/examples-rclpy-minimal-action-server.egg-link (link to .)
[1.903s] Installing server script to /home/samir/Samir/Projects_Others/ros2_ws/ros2_foxy_tutorial_ws/ros2_example_ws/install/examples_rclpy_minimal_action_server/lib/examples_rclpy_minimal_action_server
[1.903s] Installing server_defer script to /home/samir/Samir/Projects_Others/ros2_ws/ros2_foxy_tutorial_ws/ros2_example_ws/install/examples_rclpy_minimal_action_server/lib/examples_rclpy_minimal_action_server
[1.903s] Installing server_not_composable script to /home/samir/Samir/Projects_Others/ros2_ws/ros2_foxy_tutorial_ws/ros2_example_ws/install/examples_rclpy_minimal_action_server/lib/examples_rclpy_minimal_action_server
[1.903s] Installing server_queue_goals script to /home/samir/Samir/Projects_Others/ros2_ws/ros2_foxy_tutorial_ws/ros2_example_ws/install/examples_rclpy_minimal_action_server/lib/examples_rclpy_minimal_action_server
[1.903s] Installing server_single_goal script to /home/samir/Samir/Projects_Others/ros2_ws/ros2_foxy_tutorial_ws/ros2_example_ws/install/examples_rclpy_minimal_action_server/lib/examples_rclpy_minimal_action_server
[1.904s] 
[1.904s] Installed /home/samir/Samir/Projects_Others/ros2_ws/ros2_foxy_tutorial_ws/ros2_example_ws/build/examples_rclpy_minimal_action_server
[1.904s] running install_data
[1.904s] creating /home/samir/Samir/Projects_Others/ros2_ws/ros2_foxy_tutorial_ws/ros2_example_ws/install/examples_rclpy_minimal_action_server/share/ament_index
[1.904s] creating /home/samir/Samir/Projects_Others/ros2_ws/ros2_foxy_tutorial_ws/ros2_example_ws/install/examples_rclpy_minimal_action_server/share/ament_index/resource_index
[1.904s] creating /home/samir/Samir/Projects_Others/ros2_ws/ros2_foxy_tutorial_ws/ros2_example_ws/install/examples_rclpy_minimal_action_server/share/ament_index/resource_index/packages
[1.904s] copying resource/examples_rclpy_minimal_action_server -> /home/samir/Samir/Projects_Others/ros2_ws/ros2_foxy_tutorial_ws/ros2_example_ws/install/examples_rclpy_minimal_action_server/share/ament_index/resource_index/packages
[1.905s] copying package.xml -> /home/samir/Samir/Projects_Others/ros2_ws/ros2_foxy_tutorial_ws/ros2_example_ws/install/examples_rclpy_minimal_action_server/share/examples_rclpy_minimal_action_server
[1.974s] Invoked command in '/home/samir/Samir/Projects_Others/ros2_ws/ros2_foxy_tutorial_ws/ros2_example_ws/build/examples_rclpy_minimal_action_server' returned '0': PYTHONPATH=/home/samir/Samir/Projects_Others/ros2_ws/ros2_foxy_tutorial_ws/ros2_example_ws/install/examples_rclpy_minimal_action_server/lib/python3.8/site-packages:${PYTHONPATH} /usr/bin/python3 setup.py develop --prefix /home/samir/Samir/Projects_Others/ros2_ws/ros2_foxy_tutorial_ws/ros2_example_ws/install/examples_rclpy_minimal_action_server --editable --build-directory /home/samir/Samir/Projects_Others/ros2_ws/ros2_foxy_tutorial_ws/ros2_example_ws/build/examples_rclpy_minimal_action_server/build --no-deps install_data --install-dir /home/samir/Samir/Projects_Others/ros2_ws/ros2_foxy_tutorial_ws/ros2_example_ws/install/examples_rclpy_minimal_action_server
