[0.074s] Invoking command in '/home/samir/Samir/Projects_Others/ros2_ws/ros2_foxy_tutorial_ws/ros2_example_ws/build/examples_rclcpp_minimal_service': CMAKE_PREFIX_PATH=${CMAKE_PREFIX_PATH}:/home/samir/Samir/Projects_Others/ros2_ws/ros2_foxy_tutorial_ws/dev_ws/install/python_parameters:/home/samir/Samir/Projects_Others/ros2_ws/ros2_foxy_tutorial_ws/dev_ws/install/py_srvcli:/home/samir/Samir/Projects_Others/ros2_ws/ros2_foxy_tutorial_ws/dev_ws/install/py_pubsub:/home/samir/Samir/Projects_Others/ros2_ws/ros2_foxy_tutorial_ws/dev_ws/install/my_package_python:/opt/ros/foxy /usr/bin/cmake /home/samir/Samir/Projects_Others/ros2_ws/ros2_foxy_tutorial_ws/ros2_example_ws/src/examples/rclcpp/services/minimal_service -DAMENT_CMAKE_SYMLINK_INSTALL=1 -DCMAKE_INSTALL_PREFIX=/home/samir/Samir/Projects_Others/ros2_ws/ros2_foxy_tutorial_ws/ros2_example_ws/install/examples_rclcpp_minimal_service
[1.447s] -- The C compiler identification is GNU 9.3.0
[1.447s] -- The CXX compiler identification is GNU 9.3.0
[1.447s] -- Check for working C compiler: /usr/bin/cc
[1.447s] -- Check for working C compiler: /usr/bin/cc -- works
[1.447s] -- Detecting C compiler ABI info
[1.447s] -- Detecting C compiler ABI info - done
[1.447s] -- Detecting C compile features
[1.447s] -- Detecting C compile features - done
[1.447s] -- Check for working CXX compiler: /usr/bin/c++
[1.447s] -- Check for working CXX compiler: /usr/bin/c++ -- works
[1.447s] -- Detecting CXX compiler ABI info
[1.448s] -- Detecting CXX compiler ABI info - done
[1.448s] -- Detecting CXX compile features
[1.448s] -- Detecting CXX compile features - done
[1.448s] -- Found ament_cmake: 0.9.8 (/opt/ros/foxy/share/ament_cmake/cmake)
[1.448s] -- Found PythonInterp: /usr/bin/python3 (found suitable version "3.8.10", minimum required is "3") 
[1.448s] -- Using PYTHON_EXECUTABLE: /usr/bin/python3
[1.448s] -- Override CMake install command with custom implementation using symlinks instead of copying resources
[1.448s] -- Found example_interfaces: 0.9.1 (/opt/ros/foxy/share/example_interfaces/cmake)
[1.448s] -- Using all available rosidl_typesupport_c: rosidl_typesupport_fastrtps_c;rosidl_typesupport_introspection_c
[1.448s] -- Found rosidl_adapter: 1.2.1 (/opt/ros/foxy/share/rosidl_adapter/cmake)
[1.448s] -- Found OpenSSL: /usr/lib/x86_64-linux-gnu/libcrypto.so (found version "1.1.1f")  
[1.448s] -- Found FastRTPS: /opt/ros/foxy/include  
[1.449s] -- Using all available rosidl_typesupport_cpp: rosidl_typesupport_fastrtps_cpp;rosidl_typesupport_introspection_cpp
[1.449s] -- Found rclcpp: 2.3.1 (/opt/ros/foxy/share/rclcpp/cmake)
[1.449s] -- Found rmw_implementation_cmake: 1.0.3 (/opt/ros/foxy/share/rmw_implementation_cmake/cmake)
[1.449s] -- Using RMW implementation 'rmw_fastrtps_cpp' as default
[1.449s] -- Looking for pthread.h
[1.449s] -- Looking for pthread.h - found
[1.449s] -- Performing Test CMAKE_HAVE_LIBC_PTHREAD
[1.449s] -- Performing Test CMAKE_HAVE_LIBC_PTHREAD - Failed
[1.449s] -- Looking for pthread_create in pthreads
[1.449s] -- Looking for pthread_create in pthreads - not found
[1.449s] -- Looking for pthread_create in pthread
[1.449s] -- Looking for pthread_create in pthread - found
[1.450s] -- Found Threads: TRUE  
[1.464s] -- Found ament_lint_auto: 0.9.6 (/opt/ros/foxy/share/ament_lint_auto/cmake)
[1.510s] -- Added test 'copyright' to check source files copyright and LICENSE
[1.511s] -- Added test 'cppcheck' to perform static code analysis on C / C++ code
[1.511s] -- Configured cppcheck include dirs: 
[1.511s] -- Configured cppcheck exclude dirs and/or files: 
[1.511s] -- Added test 'cpplint' to check C / C++ code against the Google style
[1.511s] -- Configured cpplint exclude dirs and/or files: 
[1.512s] -- Added test 'lint_cmake' to check CMake code style
[1.512s] -- Added test 'uncrustify' to check C / C++ code style
[1.513s] -- Configured uncrustify additional arguments: 
[1.513s] -- Added test 'xmllint' to check XML markup files
[1.516s] -- Configuring done
[1.523s] -- Generating done
[1.524s] -- Build files have been written to: /home/samir/Samir/Projects_Others/ros2_ws/ros2_foxy_tutorial_ws/ros2_example_ws/build/examples_rclcpp_minimal_service
[1.534s] Invoked command in '/home/samir/Samir/Projects_Others/ros2_ws/ros2_foxy_tutorial_ws/ros2_example_ws/build/examples_rclcpp_minimal_service' returned '0': CMAKE_PREFIX_PATH=${CMAKE_PREFIX_PATH}:/home/samir/Samir/Projects_Others/ros2_ws/ros2_foxy_tutorial_ws/dev_ws/install/python_parameters:/home/samir/Samir/Projects_Others/ros2_ws/ros2_foxy_tutorial_ws/dev_ws/install/py_srvcli:/home/samir/Samir/Projects_Others/ros2_ws/ros2_foxy_tutorial_ws/dev_ws/install/py_pubsub:/home/samir/Samir/Projects_Others/ros2_ws/ros2_foxy_tutorial_ws/dev_ws/install/my_package_python:/opt/ros/foxy /usr/bin/cmake /home/samir/Samir/Projects_Others/ros2_ws/ros2_foxy_tutorial_ws/ros2_example_ws/src/examples/rclcpp/services/minimal_service -DAMENT_CMAKE_SYMLINK_INSTALL=1 -DCMAKE_INSTALL_PREFIX=/home/samir/Samir/Projects_Others/ros2_ws/ros2_foxy_tutorial_ws/ros2_example_ws/install/examples_rclcpp_minimal_service
[1.534s] Invoking command in '/home/samir/Samir/Projects_Others/ros2_ws/ros2_foxy_tutorial_ws/ros2_example_ws/build/examples_rclcpp_minimal_service': CMAKE_PREFIX_PATH=${CMAKE_PREFIX_PATH}:/home/samir/Samir/Projects_Others/ros2_ws/ros2_foxy_tutorial_ws/dev_ws/install/python_parameters:/home/samir/Samir/Projects_Others/ros2_ws/ros2_foxy_tutorial_ws/dev_ws/install/py_srvcli:/home/samir/Samir/Projects_Others/ros2_ws/ros2_foxy_tutorial_ws/dev_ws/install/py_pubsub:/home/samir/Samir/Projects_Others/ros2_ws/ros2_foxy_tutorial_ws/dev_ws/install/my_package_python:/opt/ros/foxy /usr/bin/cmake --build /home/samir/Samir/Projects_Others/ros2_ws/ros2_foxy_tutorial_ws/ros2_example_ws/build/examples_rclcpp_minimal_service -- -j24 -l24
[1.631s] [35m[1mScanning dependencies of target service_main[0m
[1.631s] [ 50%] [32mBuilding CXX object CMakeFiles/service_main.dir/main.cpp.o[0m
[3.848s] [100%] [32m[1mLinking CXX executable service_main[0m
[4.033s] [100%] Built target service_main
[4.055s] Invoked command in '/home/samir/Samir/Projects_Others/ros2_ws/ros2_foxy_tutorial_ws/ros2_example_ws/build/examples_rclcpp_minimal_service' returned '0': CMAKE_PREFIX_PATH=${CMAKE_PREFIX_PATH}:/home/samir/Samir/Projects_Others/ros2_ws/ros2_foxy_tutorial_ws/dev_ws/install/python_parameters:/home/samir/Samir/Projects_Others/ros2_ws/ros2_foxy_tutorial_ws/dev_ws/install/py_srvcli:/home/samir/Samir/Projects_Others/ros2_ws/ros2_foxy_tutorial_ws/dev_ws/install/py_pubsub:/home/samir/Samir/Projects_Others/ros2_ws/ros2_foxy_tutorial_ws/dev_ws/install/my_package_python:/opt/ros/foxy /usr/bin/cmake --build /home/samir/Samir/Projects_Others/ros2_ws/ros2_foxy_tutorial_ws/ros2_example_ws/build/examples_rclcpp_minimal_service -- -j24 -l24
[4.079s] Invoking command in '/home/samir/Samir/Projects_Others/ros2_ws/ros2_foxy_tutorial_ws/ros2_example_ws/build/examples_rclcpp_minimal_service': CMAKE_PREFIX_PATH=${CMAKE_PREFIX_PATH}:/home/samir/Samir/Projects_Others/ros2_ws/ros2_foxy_tutorial_ws/dev_ws/install/python_parameters:/home/samir/Samir/Projects_Others/ros2_ws/ros2_foxy_tutorial_ws/dev_ws/install/py_srvcli:/home/samir/Samir/Projects_Others/ros2_ws/ros2_foxy_tutorial_ws/dev_ws/install/py_pubsub:/home/samir/Samir/Projects_Others/ros2_ws/ros2_foxy_tutorial_ws/dev_ws/install/my_package_python:/opt/ros/foxy /usr/bin/cmake --install /home/samir/Samir/Projects_Others/ros2_ws/ros2_foxy_tutorial_ws/ros2_example_ws/build/examples_rclcpp_minimal_service
[4.089s] -- Install configuration: ""
[4.090s] -- Execute custom install script
[4.090s] -- Symlinking: /home/samir/Samir/Projects_Others/ros2_ws/ros2_foxy_tutorial_ws/ros2_example_ws/install/examples_rclcpp_minimal_service/lib/examples_rclcpp_minimal_service/service_main
[4.099s] -- Symlinking: /home/samir/Samir/Projects_Others/ros2_ws/ros2_foxy_tutorial_ws/ros2_example_ws/install/examples_rclcpp_minimal_service/share/ament_index/resource_index/package_run_dependencies/examples_rclcpp_minimal_service
[4.111s] -- Symlinking: /home/samir/Samir/Projects_Others/ros2_ws/ros2_foxy_tutorial_ws/ros2_example_ws/install/examples_rclcpp_minimal_service/share/ament_index/resource_index/parent_prefix_path/examples_rclcpp_minimal_service
[4.122s] -- Symlinking: /home/samir/Samir/Projects_Others/ros2_ws/ros2_foxy_tutorial_ws/ros2_example_ws/install/examples_rclcpp_minimal_service/share/examples_rclcpp_minimal_service/environment/ament_prefix_path.sh
[4.134s] -- Symlinking: /home/samir/Samir/Projects_Others/ros2_ws/ros2_foxy_tutorial_ws/ros2_example_ws/install/examples_rclcpp_minimal_service/share/examples_rclcpp_minimal_service/environment/ament_prefix_path.dsv
[4.145s] -- Symlinking: /home/samir/Samir/Projects_Others/ros2_ws/ros2_foxy_tutorial_ws/ros2_example_ws/install/examples_rclcpp_minimal_service/share/examples_rclcpp_minimal_service/environment/path.sh
[4.156s] -- Symlinking: /home/samir/Samir/Projects_Others/ros2_ws/ros2_foxy_tutorial_ws/ros2_example_ws/install/examples_rclcpp_minimal_service/share/examples_rclcpp_minimal_service/environment/path.dsv
[4.167s] -- Symlinking: /home/samir/Samir/Projects_Others/ros2_ws/ros2_foxy_tutorial_ws/ros2_example_ws/install/examples_rclcpp_minimal_service/share/examples_rclcpp_minimal_service/local_setup.bash
[4.179s] -- Symlinking: /home/samir/Samir/Projects_Others/ros2_ws/ros2_foxy_tutorial_ws/ros2_example_ws/install/examples_rclcpp_minimal_service/share/examples_rclcpp_minimal_service/local_setup.sh
[4.187s] -- Symlinking: /home/samir/Samir/Projects_Others/ros2_ws/ros2_foxy_tutorial_ws/ros2_example_ws/install/examples_rclcpp_minimal_service/share/examples_rclcpp_minimal_service/local_setup.zsh
[4.199s] -- Symlinking: /home/samir/Samir/Projects_Others/ros2_ws/ros2_foxy_tutorial_ws/ros2_example_ws/install/examples_rclcpp_minimal_service/share/examples_rclcpp_minimal_service/local_setup.dsv
[4.211s] -- Symlinking: /home/samir/Samir/Projects_Others/ros2_ws/ros2_foxy_tutorial_ws/ros2_example_ws/install/examples_rclcpp_minimal_service/share/examples_rclcpp_minimal_service/package.dsv
[4.222s] -- Symlinking: /home/samir/Samir/Projects_Others/ros2_ws/ros2_foxy_tutorial_ws/ros2_example_ws/install/examples_rclcpp_minimal_service/share/ament_index/resource_index/packages/examples_rclcpp_minimal_service
[4.233s] -- Symlinking: /home/samir/Samir/Projects_Others/ros2_ws/ros2_foxy_tutorial_ws/ros2_example_ws/install/examples_rclcpp_minimal_service/share/examples_rclcpp_minimal_service/cmake/examples_rclcpp_minimal_serviceConfig.cmake
[4.244s] -- Symlinking: /home/samir/Samir/Projects_Others/ros2_ws/ros2_foxy_tutorial_ws/ros2_example_ws/install/examples_rclcpp_minimal_service/share/examples_rclcpp_minimal_service/cmake/examples_rclcpp_minimal_serviceConfig-version.cmake
[4.257s] -- Symlinking: /home/samir/Samir/Projects_Others/ros2_ws/ros2_foxy_tutorial_ws/ros2_example_ws/install/examples_rclcpp_minimal_service/share/examples_rclcpp_minimal_service/package.xml
[4.268s] Invoked command in '/home/samir/Samir/Projects_Others/ros2_ws/ros2_foxy_tutorial_ws/ros2_example_ws/build/examples_rclcpp_minimal_service' returned '0': CMAKE_PREFIX_PATH=${CMAKE_PREFIX_PATH}:/home/samir/Samir/Projects_Others/ros2_ws/ros2_foxy_tutorial_ws/dev_ws/install/python_parameters:/home/samir/Samir/Projects_Others/ros2_ws/ros2_foxy_tutorial_ws/dev_ws/install/py_srvcli:/home/samir/Samir/Projects_Others/ros2_ws/ros2_foxy_tutorial_ws/dev_ws/install/py_pubsub:/home/samir/Samir/Projects_Others/ros2_ws/ros2_foxy_tutorial_ws/dev_ws/install/my_package_python:/opt/ros/foxy /usr/bin/cmake --install /home/samir/Samir/Projects_Others/ros2_ws/ros2_foxy_tutorial_ws/ros2_example_ws/build/examples_rclcpp_minimal_service
