[0.010s] Invoking command in '/home/samir/Samir/Projects_Others/ros2_ws/ros2_foxy_tutorial_ws/action_ws/build/action_tutorials_interfaces': CMAKE_PREFIX_PATH=${CMAKE_PREFIX_PATH}:/home/samir/Samir/Projects_Others/ros2_ws/ros2_foxy_tutorial_ws/dev_ws/install/python_parameters:/home/samir/Samir/Projects_Others/ros2_ws/ros2_foxy_tutorial_ws/dev_ws/install/py_srvcli:/home/samir/Samir/Projects_Others/ros2_ws/ros2_foxy_tutorial_ws/dev_ws/install/py_pubsub:/home/samir/Samir/Projects_Others/ros2_ws/ros2_foxy_tutorial_ws/dev_ws/install/my_package_python:/opt/ros/foxy /usr/bin/cmake /home/samir/Samir/Projects_Others/ros2_ws/ros2_foxy_tutorial_ws/action_ws/src/action_tutorials_interfaces -DCMAKE_INSTALL_PREFIX=/home/samir/Samir/Projects_Others/ros2_ws/ros2_foxy_tutorial_ws/action_ws/install/action_tutorials_interfaces
[0.064s] -- The C compiler identification is GNU 9.3.0
[0.110s] -- The CXX compiler identification is GNU 9.3.0
[0.117s] -- Check for working C compiler: /usr/bin/cc
[0.179s] -- Check for working C compiler: /usr/bin/cc -- works
[0.180s] -- Detecting C compiler ABI info
[0.234s] -- Detecting C compiler ABI info - done
[0.243s] -- Detecting C compile features
[0.243s] -- Detecting C compile features - done
[0.245s] -- Check for working CXX compiler: /usr/bin/c++
[0.311s] -- Check for working CXX compiler: /usr/bin/c++ -- works
[0.312s] -- Detecting CXX compiler ABI info
[0.372s] -- Detecting CXX compiler ABI info - done
[0.383s] -- Detecting CXX compile features
[0.384s] -- Detecting CXX compile features - done
[0.386s] -- Found ament_cmake: 0.9.8 (/opt/ros/foxy/share/ament_cmake/cmake)
[0.405s] -- Found PythonInterp: /usr/bin/python3 (found suitable version "3.8.10", minimum required is "3") 
[0.405s] -- Using PYTHON_EXECUTABLE: /usr/bin/python3
[0.559s] -- Found rosidl_default_generators: 1.0.1 (/opt/ros/foxy/share/rosidl_default_generators/cmake)
[0.564s] -- Using all available rosidl_typesupport_c: rosidl_typesupport_fastrtps_c;rosidl_typesupport_introspection_c
[0.570s] -- Found rosidl_adapter: 1.2.1 (/opt/ros/foxy/share/rosidl_adapter/cmake)
[0.661s] -- Found OpenSSL: /usr/lib/x86_64-linux-gnu/libcrypto.so (found version "1.1.1f")  
[0.691s] -- Found FastRTPS: /opt/ros/foxy/include  
[0.758s] -- Using all available rosidl_typesupport_cpp: rosidl_typesupport_fastrtps_cpp;rosidl_typesupport_introspection_cpp
[0.799s] -- Found PythonInterp: /usr/bin/python3 (found version "3.8.10") 
[0.955s] -- Found ament_cmake_ros: 0.9.2 (/opt/ros/foxy/share/ament_cmake_ros/cmake)
[1.076s] -- Using all available rosidl_typesupport_c: rosidl_typesupport_fastrtps_c;rosidl_typesupport_introspection_c
[1.095s] -- Using all available rosidl_typesupport_cpp: rosidl_typesupport_fastrtps_cpp;rosidl_typesupport_introspection_cpp
[1.115s] -- Found PythonInterp: /usr/bin/python3 (found suitable version "3.8.10", minimum required is "3.5") 
[1.118s] -- Found python_cmake_module: 0.8.1 (/opt/ros/foxy/share/python_cmake_module/cmake)
[1.145s] -- Found PythonLibs: /usr/lib/x86_64-linux-gnu/libpython3.8.so (found suitable version "3.8.10", minimum required is "3.5") 
[1.145s] -- Using PYTHON_EXECUTABLE: /usr/bin/python3
[1.146s] -- Using PYTHON_INCLUDE_DIRS: /usr/include/python3.8
[1.146s] -- Using PYTHON_LIBRARIES: /usr/lib/x86_64-linux-gnu/libpython3.8.so
[1.165s] -- Found PythonExtra: .so  
[1.220s] -- Found ament_lint_auto: 0.9.6 (/opt/ros/foxy/share/ament_lint_auto/cmake)
[1.238s] -- Added test 'copyright' to check source files copyright and LICENSE
[1.239s] -- Added test 'lint_cmake' to check CMake code style
[1.240s] -- Added test 'xmllint' to check XML markup files
[1.243s] -- Configuring done
[1.278s] -- Generating done
[1.280s] -- Build files have been written to: /home/samir/Samir/Projects_Others/ros2_ws/ros2_foxy_tutorial_ws/action_ws/build/action_tutorials_interfaces
[1.286s] Invoked command in '/home/samir/Samir/Projects_Others/ros2_ws/ros2_foxy_tutorial_ws/action_ws/build/action_tutorials_interfaces' returned '0': CMAKE_PREFIX_PATH=${CMAKE_PREFIX_PATH}:/home/samir/Samir/Projects_Others/ros2_ws/ros2_foxy_tutorial_ws/dev_ws/install/python_parameters:/home/samir/Samir/Projects_Others/ros2_ws/ros2_foxy_tutorial_ws/dev_ws/install/py_srvcli:/home/samir/Samir/Projects_Others/ros2_ws/ros2_foxy_tutorial_ws/dev_ws/install/py_pubsub:/home/samir/Samir/Projects_Others/ros2_ws/ros2_foxy_tutorial_ws/dev_ws/install/my_package_python:/opt/ros/foxy /usr/bin/cmake /home/samir/Samir/Projects_Others/ros2_ws/ros2_foxy_tutorial_ws/action_ws/src/action_tutorials_interfaces -DCMAKE_INSTALL_PREFIX=/home/samir/Samir/Projects_Others/ros2_ws/ros2_foxy_tutorial_ws/action_ws/install/action_tutorials_interfaces
[1.289s] Invoking command in '/home/samir/Samir/Projects_Others/ros2_ws/ros2_foxy_tutorial_ws/action_ws/build/action_tutorials_interfaces': CMAKE_PREFIX_PATH=${CMAKE_PREFIX_PATH}:/home/samir/Samir/Projects_Others/ros2_ws/ros2_foxy_tutorial_ws/dev_ws/install/python_parameters:/home/samir/Samir/Projects_Others/ros2_ws/ros2_foxy_tutorial_ws/dev_ws/install/py_srvcli:/home/samir/Samir/Projects_Others/ros2_ws/ros2_foxy_tutorial_ws/dev_ws/install/py_pubsub:/home/samir/Samir/Projects_Others/ros2_ws/ros2_foxy_tutorial_ws/dev_ws/install/my_package_python:/opt/ros/foxy /usr/bin/cmake --build /home/samir/Samir/Projects_Others/ros2_ws/ros2_foxy_tutorial_ws/action_ws/build/action_tutorials_interfaces -- -j24 -l24
[1.327s] [35m[1mScanning dependencies of target action_tutorials_interfaces__cpp[0m
[1.327s] [  3%] [34m[1mGenerating C code for ROS interfaces[0m
[1.333s] [  6%] [34m[1mGenerating C++ code for ROS interfaces[0m
[1.611s] [  6%] Built target action_tutorials_interfaces__cpp
[1.612s] [35m[1mScanning dependencies of target action_tutorials_interfaces__rosidl_generator_c[0m
[1.618s] [  9%] [34m[1mGenerating C++ type support for eProsima Fast-RTPS[0m
[1.618s] [ 12%] [34m[1mGenerating C++ introspection for ROS interfaces[0m
[1.621s] [ 16%] [32mBuilding C object CMakeFiles/action_tutorials_interfaces__rosidl_generator_c.dir/rosidl_generator_c/action_tutorials_interfaces/action/detail/fibonacci__functions.c.o[0m
[1.621s] [ 19%] [34m[1mGenerating C++ type support dispatch for ROS interfaces[0m
[1.690s] [ 22%] [32m[1mLinking C shared library libaction_tutorials_interfaces__rosidl_generator_c.so[0m
[1.724s] [ 22%] Built target action_tutorials_interfaces__rosidl_generator_c
[1.732s] [ 25%] [34m[1mGenerating C type support dispatch for ROS interfaces[0m
[1.735s] [ 29%] [34m[1mGenerating C introspection for ROS interfaces[0m
[1.816s] [35m[1mScanning dependencies of target action_tutorials_interfaces__rosidl_typesupport_cpp[0m
[1.826s] [ 32%] [32mBuilding CXX object CMakeFiles/action_tutorials_interfaces__rosidl_typesupport_cpp.dir/rosidl_typesupport_cpp/action_tutorials_interfaces/action/fibonacci__type_support.cpp.o[0m
[1.847s] [35m[1mScanning dependencies of target action_tutorials_interfaces__rosidl_typesupport_introspection_cpp[0m
[1.860s] [ 35%] [32mBuilding CXX object CMakeFiles/action_tutorials_interfaces__rosidl_typesupport_introspection_cpp.dir/rosidl_typesupport_introspection_cpp/action_tutorials_interfaces/action/detail/fibonacci__type_support.cpp.o[0m
[1.885s] [35m[1mScanning dependencies of target action_tutorials_interfaces__rosidl_typesupport_fastrtps_cpp[0m
[1.903s] [ 38%] [32mBuilding CXX object CMakeFiles/action_tutorials_interfaces__rosidl_typesupport_fastrtps_cpp.dir/rosidl_typesupport_fastrtps_cpp/action_tutorials_interfaces/action/detail/dds_fastrtps/fibonacci__type_support.cpp.o[0m
[1.923s] [35m[1mScanning dependencies of target action_tutorials_interfaces__rosidl_typesupport_c[0m
[1.937s] [ 41%] [32mBuilding CXX object CMakeFiles/action_tutorials_interfaces__rosidl_typesupport_c.dir/rosidl_typesupport_c/action_tutorials_interfaces/action/fibonacci__type_support.cpp.o[0m
[1.977s] [ 45%] [32m[1mLinking CXX shared library libaction_tutorials_interfaces__rosidl_typesupport_c.so[0m
[1.985s] [35m[1mScanning dependencies of target action_tutorials_interfaces__rosidl_typesupport_introspection_c[0m
[1.995s] [ 48%] [32mBuilding C object CMakeFiles/action_tutorials_interfaces__rosidl_typesupport_introspection_c.dir/rosidl_typesupport_introspection_c/action_tutorials_interfaces/action/detail/fibonacci__type_support.c.o[0m
[2.016s] [ 48%] Built target action_tutorials_interfaces__rosidl_typesupport_c
[2.028s] [ 51%] [32m[1mLinking C shared library libaction_tutorials_interfaces__rosidl_typesupport_introspection_c.so[0m
[2.047s] [ 54%] [32m[1mLinking CXX shared library libaction_tutorials_interfaces__rosidl_typesupport_cpp.so[0m
[2.053s] [ 54%] Built target action_tutorials_interfaces__rosidl_typesupport_introspection_c
[2.079s] [ 54%] Built target action_tutorials_interfaces__rosidl_typesupport_cpp
[2.134s] [ 58%] [32m[1mLinking CXX shared library libaction_tutorials_interfaces__rosidl_typesupport_introspection_cpp.so[0m
[2.187s] [ 58%] Built target action_tutorials_interfaces__rosidl_typesupport_introspection_cpp
[2.272s] [ 61%] [32m[1mLinking CXX shared library libaction_tutorials_interfaces__rosidl_typesupport_fastrtps_cpp.so[0m
[2.331s] [ 61%] Built target action_tutorials_interfaces__rosidl_typesupport_fastrtps_cpp
[2.340s] [ 64%] [34m[1mGenerating C type support for eProsima Fast-RTPS[0m
[2.610s] [35m[1mScanning dependencies of target action_tutorials_interfaces__rosidl_typesupport_fastrtps_c[0m
[2.624s] [ 67%] [32mBuilding CXX object CMakeFiles/action_tutorials_interfaces__rosidl_typesupport_fastrtps_c.dir/rosidl_typesupport_fastrtps_c/action_tutorials_interfaces/action/detail/fibonacci__type_support_c.cpp.o[0m
[2.909s] [ 70%] [32m[1mLinking CXX shared library libaction_tutorials_interfaces__rosidl_typesupport_fastrtps_c.so[0m
[2.970s] [ 70%] Built target action_tutorials_interfaces__rosidl_typesupport_fastrtps_c
[2.978s] [35m[1mScanning dependencies of target action_tutorials_interfaces[0m
[2.985s] [ 70%] Built target action_tutorials_interfaces
[2.991s] [35m[1mScanning dependencies of target action_tutorials_interfaces__py[0m
[2.997s] [ 74%] [34m[1mGenerating Python code for ROS interfaces[0m
[3.616s] [ 74%] Built target action_tutorials_interfaces__py
[3.622s] [35m[1mScanning dependencies of target action_tutorials_interfaces__python[0m
[3.641s] [ 77%] [32mBuilding C object CMakeFiles/action_tutorials_interfaces__python.dir/rosidl_generator_py/action_tutorials_interfaces/action/_fibonacci_s.c.o[0m
[3.746s] [ 80%] [32m[1mLinking C shared library rosidl_generator_py/action_tutorials_interfaces/libaction_tutorials_interfaces__python.so[0m
[3.783s] [ 80%] Built target action_tutorials_interfaces__python
[3.794s] [35m[1mScanning dependencies of target action_tutorials_interfaces__rosidl_typesupport_c__pyext[0m
[3.794s] [35m[1mScanning dependencies of target action_tutorials_interfaces__rosidl_typesupport_fastrtps_c__pyext[0m
[3.794s] [35m[1mScanning dependencies of target action_tutorials_interfaces__rosidl_typesupport_introspection_c__pyext[0m
[3.810s] [ 83%] [32mBuilding C object CMakeFiles/action_tutorials_interfaces__rosidl_typesupport_c__pyext.dir/rosidl_generator_py/action_tutorials_interfaces/_action_tutorials_interfaces_s.ep.rosidl_typesupport_c.c.o[0m
[3.810s] [ 87%] [32mBuilding C object CMakeFiles/action_tutorials_interfaces__rosidl_typesupport_introspection_c__pyext.dir/rosidl_generator_py/action_tutorials_interfaces/_action_tutorials_interfaces_s.ep.rosidl_typesupport_introspection_c.c.o[0m
[3.813s] [ 90%] [32mBuilding C object CMakeFiles/action_tutorials_interfaces__rosidl_typesupport_fastrtps_c__pyext.dir/rosidl_generator_py/action_tutorials_interfaces/_action_tutorials_interfaces_s.ep.rosidl_typesupport_fastrtps_c.c.o[0m
[3.887s] [ 93%] [32m[1mLinking C shared library rosidl_generator_py/action_tutorials_interfaces/action_tutorials_interfaces_s__rosidl_typesupport_c.cpython-38-x86_64-linux-gnu.so[0m
[3.891s] [ 96%] [32m[1mLinking CXX shared library rosidl_generator_py/action_tutorials_interfaces/action_tutorials_interfaces_s__rosidl_typesupport_fastrtps_c.cpython-38-x86_64-linux-gnu.so[0m
[3.892s] [100%] [32m[1mLinking C shared library rosidl_generator_py/action_tutorials_interfaces/action_tutorials_interfaces_s__rosidl_typesupport_introspection_c.cpython-38-x86_64-linux-gnu.so[0m
[3.922s] [100%] Built target action_tutorials_interfaces__rosidl_typesupport_introspection_c__pyext
[3.926s] [100%] Built target action_tutorials_interfaces__rosidl_typesupport_c__pyext
[3.943s] [100%] Built target action_tutorials_interfaces__rosidl_typesupport_fastrtps_c__pyext
[3.956s] Invoked command in '/home/samir/Samir/Projects_Others/ros2_ws/ros2_foxy_tutorial_ws/action_ws/build/action_tutorials_interfaces' returned '0': CMAKE_PREFIX_PATH=${CMAKE_PREFIX_PATH}:/home/samir/Samir/Projects_Others/ros2_ws/ros2_foxy_tutorial_ws/dev_ws/install/python_parameters:/home/samir/Samir/Projects_Others/ros2_ws/ros2_foxy_tutorial_ws/dev_ws/install/py_srvcli:/home/samir/Samir/Projects_Others/ros2_ws/ros2_foxy_tutorial_ws/dev_ws/install/py_pubsub:/home/samir/Samir/Projects_Others/ros2_ws/ros2_foxy_tutorial_ws/dev_ws/install/my_package_python:/opt/ros/foxy /usr/bin/cmake --build /home/samir/Samir/Projects_Others/ros2_ws/ros2_foxy_tutorial_ws/action_ws/build/action_tutorials_interfaces -- -j24 -l24
[4.012s] Invoking command in '/home/samir/Samir/Projects_Others/ros2_ws/ros2_foxy_tutorial_ws/action_ws/build/action_tutorials_interfaces': CMAKE_PREFIX_PATH=${CMAKE_PREFIX_PATH}:/home/samir/Samir/Projects_Others/ros2_ws/ros2_foxy_tutorial_ws/dev_ws/install/python_parameters:/home/samir/Samir/Projects_Others/ros2_ws/ros2_foxy_tutorial_ws/dev_ws/install/py_srvcli:/home/samir/Samir/Projects_Others/ros2_ws/ros2_foxy_tutorial_ws/dev_ws/install/py_pubsub:/home/samir/Samir/Projects_Others/ros2_ws/ros2_foxy_tutorial_ws/dev_ws/install/my_package_python:/opt/ros/foxy /usr/bin/cmake --install /home/samir/Samir/Projects_Others/ros2_ws/ros2_foxy_tutorial_ws/action_ws/build/action_tutorials_interfaces
[4.022s] -- Install configuration: ""
[4.022s] -- Installing: /home/samir/Samir/Projects_Others/ros2_ws/ros2_foxy_tutorial_ws/action_ws/install/action_tutorials_interfaces/share/ament_index/resource_index/rosidl_interfaces/action_tutorials_interfaces
[4.022s] -- Installing: /home/samir/Samir/Projects_Others/ros2_ws/ros2_foxy_tutorial_ws/action_ws/install/action_tutorials_interfaces/include/action_tutorials_interfaces
[4.023s] -- Installing: /home/samir/Samir/Projects_Others/ros2_ws/ros2_foxy_tutorial_ws/action_ws/install/action_tutorials_interfaces/include/action_tutorials_interfaces/msg
[4.023s] -- Installing: /home/samir/Samir/Projects_Others/ros2_ws/ros2_foxy_tutorial_ws/action_ws/install/action_tutorials_interfaces/include/action_tutorials_interfaces/msg/rosidl_generator_c__visibility_control.h
[4.023s] -- Installing: /home/samir/Samir/Projects_Others/ros2_ws/ros2_foxy_tutorial_ws/action_ws/install/action_tutorials_interfaces/include/action_tutorials_interfaces/action
[4.023s] -- Installing: /home/samir/Samir/Projects_Others/ros2_ws/ros2_foxy_tutorial_ws/action_ws/install/action_tutorials_interfaces/include/action_tutorials_interfaces/action/detail
[4.023s] -- Installing: /home/samir/Samir/Projects_Others/ros2_ws/ros2_foxy_tutorial_ws/action_ws/install/action_tutorials_interfaces/include/action_tutorials_interfaces/action/detail/fibonacci__functions.c
[4.023s] -- Installing: /home/samir/Samir/Projects_Others/ros2_ws/ros2_foxy_tutorial_ws/action_ws/install/action_tutorials_interfaces/include/action_tutorials_interfaces/action/detail/fibonacci__type_support.h
[4.023s] -- Installing: /home/samir/Samir/Projects_Others/ros2_ws/ros2_foxy_tutorial_ws/action_ws/install/action_tutorials_interfaces/include/action_tutorials_interfaces/action/detail/fibonacci__functions.h
[4.024s] -- Installing: /home/samir/Samir/Projects_Others/ros2_ws/ros2_foxy_tutorial_ws/action_ws/install/action_tutorials_interfaces/include/action_tutorials_interfaces/action/detail/fibonacci__struct.h
[4.024s] -- Installing: /home/samir/Samir/Projects_Others/ros2_ws/ros2_foxy_tutorial_ws/action_ws/install/action_tutorials_interfaces/include/action_tutorials_interfaces/action/fibonacci.h
[4.024s] -- Installing: /home/samir/Samir/Projects_Others/ros2_ws/ros2_foxy_tutorial_ws/action_ws/install/action_tutorials_interfaces/share/action_tutorials_interfaces/environment/library_path.sh
[4.024s] -- Installing: /home/samir/Samir/Projects_Others/ros2_ws/ros2_foxy_tutorial_ws/action_ws/install/action_tutorials_interfaces/share/action_tutorials_interfaces/environment/library_path.dsv
[4.024s] -- Installing: /home/samir/Samir/Projects_Others/ros2_ws/ros2_foxy_tutorial_ws/action_ws/install/action_tutorials_interfaces/lib/libaction_tutorials_interfaces__rosidl_generator_c.so
[4.024s] -- Set runtime path of "/home/samir/Samir/Projects_Others/ros2_ws/ros2_foxy_tutorial_ws/action_ws/install/action_tutorials_interfaces/lib/libaction_tutorials_interfaces__rosidl_generator_c.so" to ""
[4.024s] -- Up-to-date: /home/samir/Samir/Projects_Others/ros2_ws/ros2_foxy_tutorial_ws/action_ws/install/action_tutorials_interfaces/include/action_tutorials_interfaces
[4.024s] -- Up-to-date: /home/samir/Samir/Projects_Others/ros2_ws/ros2_foxy_tutorial_ws/action_ws/install/action_tutorials_interfaces/include/action_tutorials_interfaces/msg
[4.025s] -- Installing: /home/samir/Samir/Projects_Others/ros2_ws/ros2_foxy_tutorial_ws/action_ws/install/action_tutorials_interfaces/include/action_tutorials_interfaces/msg/rosidl_typesupport_fastrtps_c__visibility_control.h
[4.025s] -- Up-to-date: /home/samir/Samir/Projects_Others/ros2_ws/ros2_foxy_tutorial_ws/action_ws/install/action_tutorials_interfaces/include/action_tutorials_interfaces/action
[4.025s] -- Up-to-date: /home/samir/Samir/Projects_Others/ros2_ws/ros2_foxy_tutorial_ws/action_ws/install/action_tutorials_interfaces/include/action_tutorials_interfaces/action/detail
[4.025s] -- Installing: /home/samir/Samir/Projects_Others/ros2_ws/ros2_foxy_tutorial_ws/action_ws/install/action_tutorials_interfaces/include/action_tutorials_interfaces/action/detail/fibonacci__rosidl_typesupport_fastrtps_c.h
[4.025s] -- Installing: /home/samir/Samir/Projects_Others/ros2_ws/ros2_foxy_tutorial_ws/action_ws/install/action_tutorials_interfaces/lib/libaction_tutorials_interfaces__rosidl_typesupport_fastrtps_c.so
[4.025s] -- Set runtime path of "/home/samir/Samir/Projects_Others/ros2_ws/ros2_foxy_tutorial_ws/action_ws/install/action_tutorials_interfaces/lib/libaction_tutorials_interfaces__rosidl_typesupport_fastrtps_c.so" to ""
[4.025s] -- Up-to-date: /home/samir/Samir/Projects_Others/ros2_ws/ros2_foxy_tutorial_ws/action_ws/install/action_tutorials_interfaces/include/action_tutorials_interfaces
[4.025s] -- Up-to-date: /home/samir/Samir/Projects_Others/ros2_ws/ros2_foxy_tutorial_ws/action_ws/install/action_tutorials_interfaces/include/action_tutorials_interfaces/msg
[4.025s] -- Installing: /home/samir/Samir/Projects_Others/ros2_ws/ros2_foxy_tutorial_ws/action_ws/install/action_tutorials_interfaces/include/action_tutorials_interfaces/msg/rosidl_typesupport_fastrtps_cpp__visibility_control.h
[4.025s] -- Up-to-date: /home/samir/Samir/Projects_Others/ros2_ws/ros2_foxy_tutorial_ws/action_ws/install/action_tutorials_interfaces/include/action_tutorials_interfaces/action
[4.026s] -- Up-to-date: /home/samir/Samir/Projects_Others/ros2_ws/ros2_foxy_tutorial_ws/action_ws/install/action_tutorials_interfaces/include/action_tutorials_interfaces/action/detail
[4.026s] -- Installing: /home/samir/Samir/Projects_Others/ros2_ws/ros2_foxy_tutorial_ws/action_ws/install/action_tutorials_interfaces/include/action_tutorials_interfaces/action/detail/dds_fastrtps
[4.026s] -- Installing: /home/samir/Samir/Projects_Others/ros2_ws/ros2_foxy_tutorial_ws/action_ws/install/action_tutorials_interfaces/include/action_tutorials_interfaces/action/detail/fibonacci__rosidl_typesupport_fastrtps_cpp.hpp
[4.026s] -- Installing: /home/samir/Samir/Projects_Others/ros2_ws/ros2_foxy_tutorial_ws/action_ws/install/action_tutorials_interfaces/lib/libaction_tutorials_interfaces__rosidl_typesupport_fastrtps_cpp.so
[4.026s] -- Set runtime path of "/home/samir/Samir/Projects_Others/ros2_ws/ros2_foxy_tutorial_ws/action_ws/install/action_tutorials_interfaces/lib/libaction_tutorials_interfaces__rosidl_typesupport_fastrtps_cpp.so" to ""
[4.026s] -- Up-to-date: /home/samir/Samir/Projects_Others/ros2_ws/ros2_foxy_tutorial_ws/action_ws/install/action_tutorials_interfaces/include/action_tutorials_interfaces
[4.026s] -- Up-to-date: /home/samir/Samir/Projects_Others/ros2_ws/ros2_foxy_tutorial_ws/action_ws/install/action_tutorials_interfaces/include/action_tutorials_interfaces/msg
[4.026s] -- Installing: /home/samir/Samir/Projects_Others/ros2_ws/ros2_foxy_tutorial_ws/action_ws/install/action_tutorials_interfaces/include/action_tutorials_interfaces/msg/rosidl_typesupport_introspection_c__visibility_control.h
[4.026s] -- Up-to-date: /home/samir/Samir/Projects_Others/ros2_ws/ros2_foxy_tutorial_ws/action_ws/install/action_tutorials_interfaces/include/action_tutorials_interfaces/action
[4.026s] -- Up-to-date: /home/samir/Samir/Projects_Others/ros2_ws/ros2_foxy_tutorial_ws/action_ws/install/action_tutorials_interfaces/include/action_tutorials_interfaces/action/detail
[4.027s] -- Installing: /home/samir/Samir/Projects_Others/ros2_ws/ros2_foxy_tutorial_ws/action_ws/install/action_tutorials_interfaces/include/action_tutorials_interfaces/action/detail/fibonacci__rosidl_typesupport_introspection_c.h
[4.027s] -- Installing: /home/samir/Samir/Projects_Others/ros2_ws/ros2_foxy_tutorial_ws/action_ws/install/action_tutorials_interfaces/include/action_tutorials_interfaces/action/detail/fibonacci__type_support.c
[4.027s] -- Installing: /home/samir/Samir/Projects_Others/ros2_ws/ros2_foxy_tutorial_ws/action_ws/install/action_tutorials_interfaces/lib/libaction_tutorials_interfaces__rosidl_typesupport_introspection_c.so
[4.028s] -- Set runtime path of "/home/samir/Samir/Projects_Others/ros2_ws/ros2_foxy_tutorial_ws/action_ws/install/action_tutorials_interfaces/lib/libaction_tutorials_interfaces__rosidl_typesupport_introspection_c.so" to ""
[4.028s] -- Installing: /home/samir/Samir/Projects_Others/ros2_ws/ros2_foxy_tutorial_ws/action_ws/install/action_tutorials_interfaces/lib/libaction_tutorials_interfaces__rosidl_typesupport_c.so
[4.028s] -- Set runtime path of "/home/samir/Samir/Projects_Others/ros2_ws/ros2_foxy_tutorial_ws/action_ws/install/action_tutorials_interfaces/lib/libaction_tutorials_interfaces__rosidl_typesupport_c.so" to ""
[4.028s] -- Up-to-date: /home/samir/Samir/Projects_Others/ros2_ws/ros2_foxy_tutorial_ws/action_ws/install/action_tutorials_interfaces/include/action_tutorials_interfaces
[4.028s] -- Up-to-date: /home/samir/Samir/Projects_Others/ros2_ws/ros2_foxy_tutorial_ws/action_ws/install/action_tutorials_interfaces/include/action_tutorials_interfaces/action
[4.028s] -- Installing: /home/samir/Samir/Projects_Others/ros2_ws/ros2_foxy_tutorial_ws/action_ws/install/action_tutorials_interfaces/include/action_tutorials_interfaces/action/fibonacci.hpp
[4.028s] -- Up-to-date: /home/samir/Samir/Projects_Others/ros2_ws/ros2_foxy_tutorial_ws/action_ws/install/action_tutorials_interfaces/include/action_tutorials_interfaces/action/detail
[4.028s] -- Installing: /home/samir/Samir/Projects_Others/ros2_ws/ros2_foxy_tutorial_ws/action_ws/install/action_tutorials_interfaces/include/action_tutorials_interfaces/action/detail/fibonacci__struct.hpp
[4.028s] -- Installing: /home/samir/Samir/Projects_Others/ros2_ws/ros2_foxy_tutorial_ws/action_ws/install/action_tutorials_interfaces/include/action_tutorials_interfaces/action/detail/fibonacci__traits.hpp
[4.028s] -- Installing: /home/samir/Samir/Projects_Others/ros2_ws/ros2_foxy_tutorial_ws/action_ws/install/action_tutorials_interfaces/include/action_tutorials_interfaces/action/detail/fibonacci__builder.hpp
[4.028s] -- Up-to-date: /home/samir/Samir/Projects_Others/ros2_ws/ros2_foxy_tutorial_ws/action_ws/install/action_tutorials_interfaces/include/action_tutorials_interfaces
[4.029s] -- Up-to-date: /home/samir/Samir/Projects_Others/ros2_ws/ros2_foxy_tutorial_ws/action_ws/install/action_tutorials_interfaces/include/action_tutorials_interfaces/action
[4.029s] -- Up-to-date: /home/samir/Samir/Projects_Others/ros2_ws/ros2_foxy_tutorial_ws/action_ws/install/action_tutorials_interfaces/include/action_tutorials_interfaces/action/detail
[4.029s] -- Installing: /home/samir/Samir/Projects_Others/ros2_ws/ros2_foxy_tutorial_ws/action_ws/install/action_tutorials_interfaces/include/action_tutorials_interfaces/action/detail/fibonacci__type_support.cpp
[4.029s] -- Installing: /home/samir/Samir/Projects_Others/ros2_ws/ros2_foxy_tutorial_ws/action_ws/install/action_tutorials_interfaces/include/action_tutorials_interfaces/action/detail/fibonacci__rosidl_typesupport_introspection_cpp.hpp
[4.029s] -- Installing: /home/samir/Samir/Projects_Others/ros2_ws/ros2_foxy_tutorial_ws/action_ws/install/action_tutorials_interfaces/lib/libaction_tutorials_interfaces__rosidl_typesupport_introspection_cpp.so
[4.029s] -- Set runtime path of "/home/samir/Samir/Projects_Others/ros2_ws/ros2_foxy_tutorial_ws/action_ws/install/action_tutorials_interfaces/lib/libaction_tutorials_interfaces__rosidl_typesupport_introspection_cpp.so" to ""
[4.029s] -- Installing: /home/samir/Samir/Projects_Others/ros2_ws/ros2_foxy_tutorial_ws/action_ws/install/action_tutorials_interfaces/lib/libaction_tutorials_interfaces__rosidl_typesupport_cpp.so
[4.029s] -- Set runtime path of "/home/samir/Samir/Projects_Others/ros2_ws/ros2_foxy_tutorial_ws/action_ws/install/action_tutorials_interfaces/lib/libaction_tutorials_interfaces__rosidl_typesupport_cpp.so" to ""
[4.029s] -- Installing: /home/samir/Samir/Projects_Others/ros2_ws/ros2_foxy_tutorial_ws/action_ws/install/action_tutorials_interfaces/share/action_tutorials_interfaces/environment/pythonpath.sh
[4.029s] -- Installing: /home/samir/Samir/Projects_Others/ros2_ws/ros2_foxy_tutorial_ws/action_ws/install/action_tutorials_interfaces/share/action_tutorials_interfaces/environment/pythonpath.dsv
[4.029s] -- Installing: /home/samir/Samir/Projects_Others/ros2_ws/ros2_foxy_tutorial_ws/action_ws/install/action_tutorials_interfaces/lib/python3.8/site-packages/action_tutorials_interfaces/__init__.py
[4.050s] Compiling '/home/samir/Samir/Projects_Others/ros2_ws/ros2_foxy_tutorial_ws/action_ws/install/action_tutorials_interfaces/lib/python3.8/site-packages/action_tutorials_interfaces/__init__.py'...
[4.053s] -- Installing: /home/samir/Samir/Projects_Others/ros2_ws/ros2_foxy_tutorial_ws/action_ws/install/action_tutorials_interfaces/lib/python3.8/site-packages/action_tutorials_interfaces/action
[4.053s] -- Installing: /home/samir/Samir/Projects_Others/ros2_ws/ros2_foxy_tutorial_ws/action_ws/install/action_tutorials_interfaces/lib/python3.8/site-packages/action_tutorials_interfaces/action/__init__.py
[4.053s] -- Installing: /home/samir/Samir/Projects_Others/ros2_ws/ros2_foxy_tutorial_ws/action_ws/install/action_tutorials_interfaces/lib/python3.8/site-packages/action_tutorials_interfaces/action/_fibonacci_s.c
[4.053s] -- Installing: /home/samir/Samir/Projects_Others/ros2_ws/ros2_foxy_tutorial_ws/action_ws/install/action_tutorials_interfaces/lib/python3.8/site-packages/action_tutorials_interfaces/action/_fibonacci.py
[4.054s] -- Installing: /home/samir/Samir/Projects_Others/ros2_ws/ros2_foxy_tutorial_ws/action_ws/install/action_tutorials_interfaces/lib/python3.8/site-packages/action_tutorials_interfaces/action_tutorials_interfaces_s__rosidl_typesupport_fastrtps_c.cpython-38-x86_64-linux-gnu.so
[4.055s] -- Set runtime path of "/home/samir/Samir/Projects_Others/ros2_ws/ros2_foxy_tutorial_ws/action_ws/install/action_tutorials_interfaces/lib/python3.8/site-packages/action_tutorials_interfaces/action_tutorials_interfaces_s__rosidl_typesupport_fastrtps_c.cpython-38-x86_64-linux-gnu.so" to ""
[4.055s] -- Installing: /home/samir/Samir/Projects_Others/ros2_ws/ros2_foxy_tutorial_ws/action_ws/install/action_tutorials_interfaces/lib/python3.8/site-packages/action_tutorials_interfaces/action_tutorials_interfaces_s__rosidl_typesupport_introspection_c.cpython-38-x86_64-linux-gnu.so
[4.056s] -- Set runtime path of "/home/samir/Samir/Projects_Others/ros2_ws/ros2_foxy_tutorial_ws/action_ws/install/action_tutorials_interfaces/lib/python3.8/site-packages/action_tutorials_interfaces/action_tutorials_interfaces_s__rosidl_typesupport_introspection_c.cpython-38-x86_64-linux-gnu.so" to ""
[4.056s] -- Installing: /home/samir/Samir/Projects_Others/ros2_ws/ros2_foxy_tutorial_ws/action_ws/install/action_tutorials_interfaces/lib/python3.8/site-packages/action_tutorials_interfaces/action_tutorials_interfaces_s__rosidl_typesupport_c.cpython-38-x86_64-linux-gnu.so
[4.057s] -- Set runtime path of "/home/samir/Samir/Projects_Others/ros2_ws/ros2_foxy_tutorial_ws/action_ws/install/action_tutorials_interfaces/lib/python3.8/site-packages/action_tutorials_interfaces/action_tutorials_interfaces_s__rosidl_typesupport_c.cpython-38-x86_64-linux-gnu.so" to ""
[4.057s] -- Installing: /home/samir/Samir/Projects_Others/ros2_ws/ros2_foxy_tutorial_ws/action_ws/install/action_tutorials_interfaces/lib/libaction_tutorials_interfaces__python.so
[4.058s] -- Set runtime path of "/home/samir/Samir/Projects_Others/ros2_ws/ros2_foxy_tutorial_ws/action_ws/install/action_tutorials_interfaces/lib/libaction_tutorials_interfaces__python.so" to ""
[4.058s] -- Installing: /home/samir/Samir/Projects_Others/ros2_ws/ros2_foxy_tutorial_ws/action_ws/install/action_tutorials_interfaces/share/action_tutorials_interfaces/action/Fibonacci.idl
[4.058s] -- Installing: /home/samir/Samir/Projects_Others/ros2_ws/ros2_foxy_tutorial_ws/action_ws/install/action_tutorials_interfaces/share/action_tutorials_interfaces/action/Fibonacci.action
[4.058s] -- Installing: /home/samir/Samir/Projects_Others/ros2_ws/ros2_foxy_tutorial_ws/action_ws/install/action_tutorials_interfaces/share/ament_index/resource_index/package_run_dependencies/action_tutorials_interfaces
[4.058s] -- Installing: /home/samir/Samir/Projects_Others/ros2_ws/ros2_foxy_tutorial_ws/action_ws/install/action_tutorials_interfaces/share/ament_index/resource_index/parent_prefix_path/action_tutorials_interfaces
[4.059s] -- Installing: /home/samir/Samir/Projects_Others/ros2_ws/ros2_foxy_tutorial_ws/action_ws/install/action_tutorials_interfaces/share/action_tutorials_interfaces/environment/ament_prefix_path.sh
[4.059s] -- Installing: /home/samir/Samir/Projects_Others/ros2_ws/ros2_foxy_tutorial_ws/action_ws/install/action_tutorials_interfaces/share/action_tutorials_interfaces/environment/ament_prefix_path.dsv
[4.059s] -- Installing: /home/samir/Samir/Projects_Others/ros2_ws/ros2_foxy_tutorial_ws/action_ws/install/action_tutorials_interfaces/share/action_tutorials_interfaces/environment/path.sh
[4.059s] -- Installing: /home/samir/Samir/Projects_Others/ros2_ws/ros2_foxy_tutorial_ws/action_ws/install/action_tutorials_interfaces/share/action_tutorials_interfaces/environment/path.dsv
[4.059s] -- Installing: /home/samir/Samir/Projects_Others/ros2_ws/ros2_foxy_tutorial_ws/action_ws/install/action_tutorials_interfaces/share/action_tutorials_interfaces/local_setup.bash
[4.059s] -- Installing: /home/samir/Samir/Projects_Others/ros2_ws/ros2_foxy_tutorial_ws/action_ws/install/action_tutorials_interfaces/share/action_tutorials_interfaces/local_setup.sh
[4.059s] -- Installing: /home/samir/Samir/Projects_Others/ros2_ws/ros2_foxy_tutorial_ws/action_ws/install/action_tutorials_interfaces/share/action_tutorials_interfaces/local_setup.zsh
[4.060s] -- Installing: /home/samir/Samir/Projects_Others/ros2_ws/ros2_foxy_tutorial_ws/action_ws/install/action_tutorials_interfaces/share/action_tutorials_interfaces/local_setup.dsv
[4.060s] -- Installing: /home/samir/Samir/Projects_Others/ros2_ws/ros2_foxy_tutorial_ws/action_ws/install/action_tutorials_interfaces/share/action_tutorials_interfaces/package.dsv
[4.060s] -- Installing: /home/samir/Samir/Projects_Others/ros2_ws/ros2_foxy_tutorial_ws/action_ws/install/action_tutorials_interfaces/share/ament_index/resource_index/packages/action_tutorials_interfaces
[4.060s] -- Installing: /home/samir/Samir/Projects_Others/ros2_ws/ros2_foxy_tutorial_ws/action_ws/install/action_tutorials_interfaces/share/action_tutorials_interfaces/cmake/action_tutorials_interfaces__rosidl_generator_cExport.cmake
[4.060s] -- Installing: /home/samir/Samir/Projects_Others/ros2_ws/ros2_foxy_tutorial_ws/action_ws/install/action_tutorials_interfaces/share/action_tutorials_interfaces/cmake/action_tutorials_interfaces__rosidl_generator_cExport-noconfig.cmake
[4.061s] -- Installing: /home/samir/Samir/Projects_Others/ros2_ws/ros2_foxy_tutorial_ws/action_ws/install/action_tutorials_interfaces/share/action_tutorials_interfaces/cmake/action_tutorials_interfaces__rosidl_typesupport_introspection_cExport.cmake
[4.061s] -- Installing: /home/samir/Samir/Projects_Others/ros2_ws/ros2_foxy_tutorial_ws/action_ws/install/action_tutorials_interfaces/share/action_tutorials_interfaces/cmake/action_tutorials_interfaces__rosidl_typesupport_introspection_cExport-noconfig.cmake
[4.061s] -- Installing: /home/samir/Samir/Projects_Others/ros2_ws/ros2_foxy_tutorial_ws/action_ws/install/action_tutorials_interfaces/share/action_tutorials_interfaces/cmake/action_tutorials_interfaces__rosidl_typesupport_cExport.cmake
[4.061s] -- Installing: /home/samir/Samir/Projects_Others/ros2_ws/ros2_foxy_tutorial_ws/action_ws/install/action_tutorials_interfaces/share/action_tutorials_interfaces/cmake/action_tutorials_interfaces__rosidl_typesupport_cExport-noconfig.cmake
[4.061s] -- Installing: /home/samir/Samir/Projects_Others/ros2_ws/ros2_foxy_tutorial_ws/action_ws/install/action_tutorials_interfaces/share/action_tutorials_interfaces/cmake/action_tutorials_interfaces__rosidl_generator_cppExport.cmake
[4.061s] -- Installing: /home/samir/Samir/Projects_Others/ros2_ws/ros2_foxy_tutorial_ws/action_ws/install/action_tutorials_interfaces/share/action_tutorials_interfaces/cmake/action_tutorials_interfaces__rosidl_typesupport_introspection_cppExport.cmake
[4.062s] -- Installing: /home/samir/Samir/Projects_Others/ros2_ws/ros2_foxy_tutorial_ws/action_ws/install/action_tutorials_interfaces/share/action_tutorials_interfaces/cmake/action_tutorials_interfaces__rosidl_typesupport_introspection_cppExport-noconfig.cmake
[4.062s] -- Installing: /home/samir/Samir/Projects_Others/ros2_ws/ros2_foxy_tutorial_ws/action_ws/install/action_tutorials_interfaces/share/action_tutorials_interfaces/cmake/action_tutorials_interfaces__rosidl_typesupport_cppExport.cmake
[4.062s] -- Installing: /home/samir/Samir/Projects_Others/ros2_ws/ros2_foxy_tutorial_ws/action_ws/install/action_tutorials_interfaces/share/action_tutorials_interfaces/cmake/action_tutorials_interfaces__rosidl_typesupport_cppExport-noconfig.cmake
[4.062s] -- Installing: /home/samir/Samir/Projects_Others/ros2_ws/ros2_foxy_tutorial_ws/action_ws/install/action_tutorials_interfaces/share/action_tutorials_interfaces/cmake/rosidl_cmake-extras.cmake
[4.062s] -- Installing: /home/samir/Samir/Projects_Others/ros2_ws/ros2_foxy_tutorial_ws/action_ws/install/action_tutorials_interfaces/share/action_tutorials_interfaces/cmake/ament_cmake_export_dependencies-extras.cmake
[4.062s] -- Installing: /home/samir/Samir/Projects_Others/ros2_ws/ros2_foxy_tutorial_ws/action_ws/install/action_tutorials_interfaces/share/action_tutorials_interfaces/cmake/ament_cmake_export_libraries-extras.cmake
[4.062s] -- Installing: /home/samir/Samir/Projects_Others/ros2_ws/ros2_foxy_tutorial_ws/action_ws/install/action_tutorials_interfaces/share/action_tutorials_interfaces/cmake/ament_cmake_export_targets-extras.cmake
[4.062s] -- Installing: /home/samir/Samir/Projects_Others/ros2_ws/ros2_foxy_tutorial_ws/action_ws/install/action_tutorials_interfaces/share/action_tutorials_interfaces/cmake/ament_cmake_export_include_directories-extras.cmake
[4.062s] -- Installing: /home/samir/Samir/Projects_Others/ros2_ws/ros2_foxy_tutorial_ws/action_ws/install/action_tutorials_interfaces/share/action_tutorials_interfaces/cmake/rosidl_cmake_export_typesupport_libraries-extras.cmake
[4.062s] -- Installing: /home/samir/Samir/Projects_Others/ros2_ws/ros2_foxy_tutorial_ws/action_ws/install/action_tutorials_interfaces/share/action_tutorials_interfaces/cmake/rosidl_cmake_export_typesupport_targets-extras.cmake
[4.062s] -- Installing: /home/samir/Samir/Projects_Others/ros2_ws/ros2_foxy_tutorial_ws/action_ws/install/action_tutorials_interfaces/share/action_tutorials_interfaces/cmake/action_tutorials_interfacesConfig.cmake
[4.063s] -- Installing: /home/samir/Samir/Projects_Others/ros2_ws/ros2_foxy_tutorial_ws/action_ws/install/action_tutorials_interfaces/share/action_tutorials_interfaces/cmake/action_tutorials_interfacesConfig-version.cmake
[4.063s] -- Installing: /home/samir/Samir/Projects_Others/ros2_ws/ros2_foxy_tutorial_ws/action_ws/install/action_tutorials_interfaces/share/action_tutorials_interfaces/package.xml
[4.065s] Invoked command in '/home/samir/Samir/Projects_Others/ros2_ws/ros2_foxy_tutorial_ws/action_ws/build/action_tutorials_interfaces' returned '0': CMAKE_PREFIX_PATH=${CMAKE_PREFIX_PATH}:/home/samir/Samir/Projects_Others/ros2_ws/ros2_foxy_tutorial_ws/dev_ws/install/python_parameters:/home/samir/Samir/Projects_Others/ros2_ws/ros2_foxy_tutorial_ws/dev_ws/install/py_srvcli:/home/samir/Samir/Projects_Others/ros2_ws/ros2_foxy_tutorial_ws/dev_ws/install/py_pubsub:/home/samir/Samir/Projects_Others/ros2_ws/ros2_foxy_tutorial_ws/dev_ws/install/my_package_python:/opt/ros/foxy /usr/bin/cmake --install /home/samir/Samir/Projects_Others/ros2_ws/ros2_foxy_tutorial_ws/action_ws/build/action_tutorials_interfaces
