[0.098s] Invoking command in '/home/samir/Samir/Projects_Others/ros2_ws/ros2_foxy_tutorial_ws/ros2_example_ws/build/examples_rclcpp_minimal_action_server': CMAKE_PREFIX_PATH=${CMAKE_PREFIX_PATH}:/home/samir/Samir/Projects_Others/ros2_ws/ros2_foxy_tutorial_ws/ros2_example_ws/install/examples_rclpy_minimal_subscriber:/home/samir/Samir/Projects_Others/ros2_ws/ros2_foxy_tutorial_ws/ros2_example_ws/install/examples_rclpy_minimal_service:/home/samir/Samir/Projects_Others/ros2_ws/ros2_foxy_tutorial_ws/ros2_example_ws/install/examples_rclpy_minimal_publisher:/home/samir/Samir/Projects_Others/ros2_ws/ros2_foxy_tutorial_ws/ros2_example_ws/install/examples_rclpy_minimal_client:/home/samir/Samir/Projects_Others/ros2_ws/ros2_foxy_tutorial_ws/ros2_example_ws/install/examples_rclpy_minimal_action_server:/home/samir/Samir/Projects_Others/ros2_ws/ros2_foxy_tutorial_ws/ros2_example_ws/install/examples_rclpy_minimal_action_client:/home/samir/Samir/Projects_Others/ros2_ws/ros2_foxy_tutorial_ws/ros2_example_ws/install/examples_rclpy_executors:/home/samir/Samir/Projects_Others/ros2_ws/ros2_foxy_tutorial_ws/dev_ws/install/python_parameters:/home/samir/Samir/Projects_Others/ros2_ws/ros2_foxy_tutorial_ws/dev_ws/install/py_srvcli:/home/samir/Samir/Projects_Others/ros2_ws/ros2_foxy_tutorial_ws/dev_ws/install/py_pubsub:/home/samir/Samir/Projects_Others/ros2_ws/ros2_foxy_tutorial_ws/dev_ws/install/my_package_python:/home/samir/Samir/Projects_Others/ros2_ws/ros2_foxy_tutorial_ws/dev_ws/install/my_package_cmake:/home/samir/Samir/Projects_Others/ros2_ws/ros2_foxy_tutorial_ws/dev_ws/install/cpp_srvcli:/home/samir/Samir/Projects_Others/ros2_ws/ros2_foxy_tutorial_ws/dev_ws/install/cpp_parameters:/opt/ros/foxy CONDA_PROMPT_MODIFIER=(ros2) _=/usr/bin/env /usr/bin/cmake --build /home/samir/Samir/Projects_Others/ros2_ws/ros2_foxy_tutorial_ws/ros2_example_ws/build/examples_rclcpp_minimal_action_server -- -j24 -l24
[1.370s] -- Found ament_cmake: 0.9.9 (/opt/ros/foxy/share/ament_cmake/cmake)
[1.370s] -- Using PYTHON_EXECUTABLE: /usr/bin/python3
[1.372s] -- Override CMake install command with custom implementation using symlinks instead of copying resources
[1.372s] -- Found example_interfaces: 0.9.1 (/opt/ros/foxy/share/example_interfaces/cmake)
[1.372s] -- Using all available rosidl_typesupport_c: rosidl_typesupport_fastrtps_c;rosidl_typesupport_introspection_c
[1.372s] -- Found rosidl_adapter: 1.2.1 (/opt/ros/foxy/share/rosidl_adapter/cmake)
[1.373s] -- Using all available rosidl_typesupport_cpp: rosidl_typesupport_fastrtps_cpp;rosidl_typesupport_introspection_cpp
[1.373s] -- Found rclcpp: 2.4.0 (/opt/ros/foxy/share/rclcpp/cmake)
[1.373s] -- Found rmw_implementation_cmake: 1.0.3 (/opt/ros/foxy/share/rmw_implementation_cmake/cmake)
[1.374s] -- Using RMW implementation 'rmw_fastrtps_cpp' as default
[1.374s] -- Found rclcpp_action: 2.4.0 (/opt/ros/foxy/share/rclcpp_action/cmake)
[1.378s] -- Found ament_lint_auto: 0.9.6 (/opt/ros/foxy/share/ament_lint_auto/cmake)
[1.378s] -- Added test 'copyright' to check source files copyright and LICENSE
[1.379s] -- Added test 'cppcheck' to perform static code analysis on C / C++ code
[1.380s] -- Configured cppcheck include dirs: 
[1.380s] -- Configured cppcheck exclude dirs and/or files: 
[1.380s] -- Added test 'cpplint' to check C / C++ code against the Google style
[1.381s] -- Configured cpplint exclude dirs and/or files: 
[1.381s] -- Added test 'lint_cmake' to check CMake code style
[1.381s] -- Added test 'uncrustify' to check C / C++ code style
[1.381s] -- Configured uncrustify additional arguments: 
[1.381s] -- Added test 'xmllint' to check XML markup files
[1.381s] -- Configuring done
[1.381s] -- Generating done
[1.381s] -- Build files have been written to: /home/samir/Samir/Projects_Others/ros2_ws/ros2_foxy_tutorial_ws/ros2_example_ws/build/examples_rclcpp_minimal_action_server
[1.381s] [35m[1mScanning dependencies of target action_server_member_functions[0m
[1.381s] [35m[1mScanning dependencies of target action_server_not_composable[0m
[1.381s] [ 50%] [32mBuilding CXX object CMakeFiles/action_server_member_functions.dir/member_functions.cpp.o[0m
[1.381s] [ 50%] [32mBuilding CXX object CMakeFiles/action_server_not_composable.dir/not_composable.cpp.o[0m
[4.252s] [ 75%] [32m[1mLinking CXX executable action_server_member_functions[0m
[4.294s] [100%] [32m[1mLinking CXX executable action_server_not_composable[0m
[4.386s] [100%] Built target action_server_member_functions
[4.473s] [100%] Built target action_server_not_composable
[4.485s] Invoked command in '/home/samir/Samir/Projects_Others/ros2_ws/ros2_foxy_tutorial_ws/ros2_example_ws/build/examples_rclcpp_minimal_action_server' returned '0': CMAKE_PREFIX_PATH=${CMAKE_PREFIX_PATH}:/home/samir/Samir/Projects_Others/ros2_ws/ros2_foxy_tutorial_ws/ros2_example_ws/install/examples_rclpy_minimal_subscriber:/home/samir/Samir/Projects_Others/ros2_ws/ros2_foxy_tutorial_ws/ros2_example_ws/install/examples_rclpy_minimal_service:/home/samir/Samir/Projects_Others/ros2_ws/ros2_foxy_tutorial_ws/ros2_example_ws/install/examples_rclpy_minimal_publisher:/home/samir/Samir/Projects_Others/ros2_ws/ros2_foxy_tutorial_ws/ros2_example_ws/install/examples_rclpy_minimal_client:/home/samir/Samir/Projects_Others/ros2_ws/ros2_foxy_tutorial_ws/ros2_example_ws/install/examples_rclpy_minimal_action_server:/home/samir/Samir/Projects_Others/ros2_ws/ros2_foxy_tutorial_ws/ros2_example_ws/install/examples_rclpy_minimal_action_client:/home/samir/Samir/Projects_Others/ros2_ws/ros2_foxy_tutorial_ws/ros2_example_ws/install/examples_rclpy_executors:/home/samir/Samir/Projects_Others/ros2_ws/ros2_foxy_tutorial_ws/dev_ws/install/python_parameters:/home/samir/Samir/Projects_Others/ros2_ws/ros2_foxy_tutorial_ws/dev_ws/install/py_srvcli:/home/samir/Samir/Projects_Others/ros2_ws/ros2_foxy_tutorial_ws/dev_ws/install/py_pubsub:/home/samir/Samir/Projects_Others/ros2_ws/ros2_foxy_tutorial_ws/dev_ws/install/my_package_python:/home/samir/Samir/Projects_Others/ros2_ws/ros2_foxy_tutorial_ws/dev_ws/install/my_package_cmake:/home/samir/Samir/Projects_Others/ros2_ws/ros2_foxy_tutorial_ws/dev_ws/install/cpp_srvcli:/home/samir/Samir/Projects_Others/ros2_ws/ros2_foxy_tutorial_ws/dev_ws/install/cpp_parameters:/opt/ros/foxy CONDA_PROMPT_MODIFIER=(ros2) _=/usr/bin/env /usr/bin/cmake --build /home/samir/Samir/Projects_Others/ros2_ws/ros2_foxy_tutorial_ws/ros2_example_ws/build/examples_rclcpp_minimal_action_server -- -j24 -l24
[4.512s] Invoking command in '/home/samir/Samir/Projects_Others/ros2_ws/ros2_foxy_tutorial_ws/ros2_example_ws/build/examples_rclcpp_minimal_action_server': CMAKE_PREFIX_PATH=${CMAKE_PREFIX_PATH}:/home/samir/Samir/Projects_Others/ros2_ws/ros2_foxy_tutorial_ws/ros2_example_ws/install/examples_rclpy_minimal_subscriber:/home/samir/Samir/Projects_Others/ros2_ws/ros2_foxy_tutorial_ws/ros2_example_ws/install/examples_rclpy_minimal_service:/home/samir/Samir/Projects_Others/ros2_ws/ros2_foxy_tutorial_ws/ros2_example_ws/install/examples_rclpy_minimal_publisher:/home/samir/Samir/Projects_Others/ros2_ws/ros2_foxy_tutorial_ws/ros2_example_ws/install/examples_rclpy_minimal_client:/home/samir/Samir/Projects_Others/ros2_ws/ros2_foxy_tutorial_ws/ros2_example_ws/install/examples_rclpy_minimal_action_server:/home/samir/Samir/Projects_Others/ros2_ws/ros2_foxy_tutorial_ws/ros2_example_ws/install/examples_rclpy_minimal_action_client:/home/samir/Samir/Projects_Others/ros2_ws/ros2_foxy_tutorial_ws/ros2_example_ws/install/examples_rclpy_executors:/home/samir/Samir/Projects_Others/ros2_ws/ros2_foxy_tutorial_ws/dev_ws/install/python_parameters:/home/samir/Samir/Projects_Others/ros2_ws/ros2_foxy_tutorial_ws/dev_ws/install/py_srvcli:/home/samir/Samir/Projects_Others/ros2_ws/ros2_foxy_tutorial_ws/dev_ws/install/py_pubsub:/home/samir/Samir/Projects_Others/ros2_ws/ros2_foxy_tutorial_ws/dev_ws/install/my_package_python:/home/samir/Samir/Projects_Others/ros2_ws/ros2_foxy_tutorial_ws/dev_ws/install/my_package_cmake:/home/samir/Samir/Projects_Others/ros2_ws/ros2_foxy_tutorial_ws/dev_ws/install/cpp_srvcli:/home/samir/Samir/Projects_Others/ros2_ws/ros2_foxy_tutorial_ws/dev_ws/install/cpp_parameters:/opt/ros/foxy CONDA_PROMPT_MODIFIER=(ros2) _=/usr/bin/env /usr/bin/cmake --install /home/samir/Samir/Projects_Others/ros2_ws/ros2_foxy_tutorial_ws/ros2_example_ws/build/examples_rclcpp_minimal_action_server
[4.523s] -- Install configuration: ""
[4.524s] -- Execute custom install script
[4.524s] -- Up-to-date symlink: /home/samir/Samir/Projects_Others/ros2_ws/ros2_foxy_tutorial_ws/ros2_example_ws/install/examples_rclcpp_minimal_action_server/lib/examples_rclcpp_minimal_action_server/action_server_not_composable
[4.524s] -- Up-to-date symlink: /home/samir/Samir/Projects_Others/ros2_ws/ros2_foxy_tutorial_ws/ros2_example_ws/install/examples_rclcpp_minimal_action_server/lib/examples_rclcpp_minimal_action_server/action_server_member_functions
[4.525s] -- Up-to-date symlink: /home/samir/Samir/Projects_Others/ros2_ws/ros2_foxy_tutorial_ws/ros2_example_ws/install/examples_rclcpp_minimal_action_server/share/ament_index/resource_index/package_run_dependencies/examples_rclcpp_minimal_action_server
[4.525s] -- Up-to-date symlink: /home/samir/Samir/Projects_Others/ros2_ws/ros2_foxy_tutorial_ws/ros2_example_ws/install/examples_rclcpp_minimal_action_server/share/ament_index/resource_index/parent_prefix_path/examples_rclcpp_minimal_action_server
[4.525s] -- Up-to-date symlink: /home/samir/Samir/Projects_Others/ros2_ws/ros2_foxy_tutorial_ws/ros2_example_ws/install/examples_rclcpp_minimal_action_server/share/examples_rclcpp_minimal_action_server/environment/ament_prefix_path.sh
[4.525s] -- Up-to-date symlink: /home/samir/Samir/Projects_Others/ros2_ws/ros2_foxy_tutorial_ws/ros2_example_ws/install/examples_rclcpp_minimal_action_server/share/examples_rclcpp_minimal_action_server/environment/ament_prefix_path.dsv
[4.525s] -- Up-to-date symlink: /home/samir/Samir/Projects_Others/ros2_ws/ros2_foxy_tutorial_ws/ros2_example_ws/install/examples_rclcpp_minimal_action_server/share/examples_rclcpp_minimal_action_server/environment/path.sh
[4.526s] -- Up-to-date symlink: /home/samir/Samir/Projects_Others/ros2_ws/ros2_foxy_tutorial_ws/ros2_example_ws/install/examples_rclcpp_minimal_action_server/share/examples_rclcpp_minimal_action_server/environment/path.dsv
[4.526s] -- Up-to-date symlink: /home/samir/Samir/Projects_Others/ros2_ws/ros2_foxy_tutorial_ws/ros2_example_ws/install/examples_rclcpp_minimal_action_server/share/examples_rclcpp_minimal_action_server/local_setup.bash
[4.526s] -- Up-to-date symlink: /home/samir/Samir/Projects_Others/ros2_ws/ros2_foxy_tutorial_ws/ros2_example_ws/install/examples_rclcpp_minimal_action_server/share/examples_rclcpp_minimal_action_server/local_setup.sh
[4.527s] -- Up-to-date symlink: /home/samir/Samir/Projects_Others/ros2_ws/ros2_foxy_tutorial_ws/ros2_example_ws/install/examples_rclcpp_minimal_action_server/share/examples_rclcpp_minimal_action_server/local_setup.zsh
[4.527s] -- Up-to-date symlink: /home/samir/Samir/Projects_Others/ros2_ws/ros2_foxy_tutorial_ws/ros2_example_ws/install/examples_rclcpp_minimal_action_server/share/examples_rclcpp_minimal_action_server/local_setup.dsv
[4.527s] -- Symlinking: /home/samir/Samir/Projects_Others/ros2_ws/ros2_foxy_tutorial_ws/ros2_example_ws/install/examples_rclcpp_minimal_action_server/share/examples_rclcpp_minimal_action_server/package.dsv
[4.540s] -- Up-to-date symlink: /home/samir/Samir/Projects_Others/ros2_ws/ros2_foxy_tutorial_ws/ros2_example_ws/install/examples_rclcpp_minimal_action_server/share/ament_index/resource_index/packages/examples_rclcpp_minimal_action_server
[4.540s] -- Up-to-date symlink: /home/samir/Samir/Projects_Others/ros2_ws/ros2_foxy_tutorial_ws/ros2_example_ws/install/examples_rclcpp_minimal_action_server/share/examples_rclcpp_minimal_action_server/cmake/examples_rclcpp_minimal_action_serverConfig.cmake
[4.540s] -- Up-to-date symlink: /home/samir/Samir/Projects_Others/ros2_ws/ros2_foxy_tutorial_ws/ros2_example_ws/install/examples_rclcpp_minimal_action_server/share/examples_rclcpp_minimal_action_server/cmake/examples_rclcpp_minimal_action_serverConfig-version.cmake
[4.541s] -- Up-to-date symlink: /home/samir/Samir/Projects_Others/ros2_ws/ros2_foxy_tutorial_ws/ros2_example_ws/install/examples_rclcpp_minimal_action_server/share/examples_rclcpp_minimal_action_server/package.xml
[4.544s] Invoked command in '/home/samir/Samir/Projects_Others/ros2_ws/ros2_foxy_tutorial_ws/ros2_example_ws/build/examples_rclcpp_minimal_action_server' returned '0': CMAKE_PREFIX_PATH=${CMAKE_PREFIX_PATH}:/home/samir/Samir/Projects_Others/ros2_ws/ros2_foxy_tutorial_ws/ros2_example_ws/install/examples_rclpy_minimal_subscriber:/home/samir/Samir/Projects_Others/ros2_ws/ros2_foxy_tutorial_ws/ros2_example_ws/install/examples_rclpy_minimal_service:/home/samir/Samir/Projects_Others/ros2_ws/ros2_foxy_tutorial_ws/ros2_example_ws/install/examples_rclpy_minimal_publisher:/home/samir/Samir/Projects_Others/ros2_ws/ros2_foxy_tutorial_ws/ros2_example_ws/install/examples_rclpy_minimal_client:/home/samir/Samir/Projects_Others/ros2_ws/ros2_foxy_tutorial_ws/ros2_example_ws/install/examples_rclpy_minimal_action_server:/home/samir/Samir/Projects_Others/ros2_ws/ros2_foxy_tutorial_ws/ros2_example_ws/install/examples_rclpy_minimal_action_client:/home/samir/Samir/Projects_Others/ros2_ws/ros2_foxy_tutorial_ws/ros2_example_ws/install/examples_rclpy_executors:/home/samir/Samir/Projects_Others/ros2_ws/ros2_foxy_tutorial_ws/dev_ws/install/python_parameters:/home/samir/Samir/Projects_Others/ros2_ws/ros2_foxy_tutorial_ws/dev_ws/install/py_srvcli:/home/samir/Samir/Projects_Others/ros2_ws/ros2_foxy_tutorial_ws/dev_ws/install/py_pubsub:/home/samir/Samir/Projects_Others/ros2_ws/ros2_foxy_tutorial_ws/dev_ws/install/my_package_python:/home/samir/Samir/Projects_Others/ros2_ws/ros2_foxy_tutorial_ws/dev_ws/install/my_package_cmake:/home/samir/Samir/Projects_Others/ros2_ws/ros2_foxy_tutorial_ws/dev_ws/install/cpp_srvcli:/home/samir/Samir/Projects_Others/ros2_ws/ros2_foxy_tutorial_ws/dev_ws/install/cpp_parameters:/opt/ros/foxy CONDA_PROMPT_MODIFIER=(ros2) _=/usr/bin/env /usr/bin/cmake --install /home/samir/Samir/Projects_Others/ros2_ws/ros2_foxy_tutorial_ws/ros2_example_ws/build/examples_rclcpp_minimal_action_server
