[0.097s] Invoking command in '/home/samir/Samir/Projects_Others/ros2_ws/ros2_foxy_tutorial_ws/ros2_example_ws/build/examples_rclcpp_minimal_client': CMAKE_PREFIX_PATH=${CMAKE_PREFIX_PATH}:/home/samir/Samir/Projects_Others/ros2_ws/ros2_foxy_tutorial_ws/ros2_example_ws/install/examples_rclpy_minimal_subscriber:/home/samir/Samir/Projects_Others/ros2_ws/ros2_foxy_tutorial_ws/ros2_example_ws/install/examples_rclpy_minimal_service:/home/samir/Samir/Projects_Others/ros2_ws/ros2_foxy_tutorial_ws/ros2_example_ws/install/examples_rclpy_minimal_publisher:/home/samir/Samir/Projects_Others/ros2_ws/ros2_foxy_tutorial_ws/ros2_example_ws/install/examples_rclpy_minimal_client:/home/samir/Samir/Projects_Others/ros2_ws/ros2_foxy_tutorial_ws/ros2_example_ws/install/examples_rclpy_minimal_action_server:/home/samir/Samir/Projects_Others/ros2_ws/ros2_foxy_tutorial_ws/ros2_example_ws/install/examples_rclpy_minimal_action_client:/home/samir/Samir/Projects_Others/ros2_ws/ros2_foxy_tutorial_ws/ros2_example_ws/install/examples_rclpy_executors:/home/samir/Samir/Projects_Others/ros2_ws/ros2_foxy_tutorial_ws/dev_ws/install/python_parameters:/home/samir/Samir/Projects_Others/ros2_ws/ros2_foxy_tutorial_ws/dev_ws/install/py_srvcli:/home/samir/Samir/Projects_Others/ros2_ws/ros2_foxy_tutorial_ws/dev_ws/install/py_pubsub:/home/samir/Samir/Projects_Others/ros2_ws/ros2_foxy_tutorial_ws/dev_ws/install/my_package_python:/home/samir/Samir/Projects_Others/ros2_ws/ros2_foxy_tutorial_ws/dev_ws/install/my_package_cmake:/home/samir/Samir/Projects_Others/ros2_ws/ros2_foxy_tutorial_ws/dev_ws/install/cpp_srvcli:/home/samir/Samir/Projects_Others/ros2_ws/ros2_foxy_tutorial_ws/dev_ws/install/cpp_parameters:/opt/ros/foxy CONDA_PROMPT_MODIFIER=(ros2) _=/usr/bin/env /usr/bin/cmake --build /home/samir/Samir/Projects_Others/ros2_ws/ros2_foxy_tutorial_ws/ros2_example_ws/build/examples_rclcpp_minimal_client -- -j24 -l24
[1.376s] -- Found ament_cmake: 0.9.9 (/opt/ros/foxy/share/ament_cmake/cmake)
[1.376s] -- Using PYTHON_EXECUTABLE: /usr/bin/python3
[1.376s] -- Override CMake install command with custom implementation using symlinks instead of copying resources
[1.376s] -- Found example_interfaces: 0.9.1 (/opt/ros/foxy/share/example_interfaces/cmake)
[1.377s] -- Using all available rosidl_typesupport_c: rosidl_typesupport_fastrtps_c;rosidl_typesupport_introspection_c
[1.377s] -- Found rosidl_adapter: 1.2.1 (/opt/ros/foxy/share/rosidl_adapter/cmake)
[1.377s] -- Using all available rosidl_typesupport_cpp: rosidl_typesupport_fastrtps_cpp;rosidl_typesupport_introspection_cpp
[1.377s] -- Found rclcpp: 2.4.0 (/opt/ros/foxy/share/rclcpp/cmake)
[1.377s] -- Found rmw_implementation_cmake: 1.0.3 (/opt/ros/foxy/share/rmw_implementation_cmake/cmake)
[1.377s] -- Using RMW implementation 'rmw_fastrtps_cpp' as default
[1.377s] -- Found ament_lint_auto: 0.9.6 (/opt/ros/foxy/share/ament_lint_auto/cmake)
[1.377s] -- Added test 'copyright' to check source files copyright and LICENSE
[1.377s] -- Added test 'cppcheck' to perform static code analysis on C / C++ code
[1.377s] -- Configured cppcheck include dirs: 
[1.377s] -- Configured cppcheck exclude dirs and/or files: 
[1.377s] -- Added test 'cpplint' to check C / C++ code against the Google style
[1.377s] -- Configured cpplint exclude dirs and/or files: 
[1.377s] -- Added test 'lint_cmake' to check CMake code style
[1.377s] -- Added test 'uncrustify' to check C / C++ code style
[1.378s] -- Configured uncrustify additional arguments: 
[1.378s] -- Added test 'xmllint' to check XML markup files
[1.378s] -- Configuring done
[1.378s] -- Generating done
[1.378s] -- Build files have been written to: /home/samir/Samir/Projects_Others/ros2_ws/ros2_foxy_tutorial_ws/ros2_example_ws/build/examples_rclcpp_minimal_client
[1.378s] [35m[1mScanning dependencies of target client_main[0m
[1.378s] [ 50%] [32mBuilding CXX object CMakeFiles/client_main.dir/main.cpp.o[0m
[3.770s] [100%] [32m[1mLinking CXX executable client_main[0m
[3.909s] [100%] Built target client_main
[3.920s] Invoked command in '/home/samir/Samir/Projects_Others/ros2_ws/ros2_foxy_tutorial_ws/ros2_example_ws/build/examples_rclcpp_minimal_client' returned '0': CMAKE_PREFIX_PATH=${CMAKE_PREFIX_PATH}:/home/samir/Samir/Projects_Others/ros2_ws/ros2_foxy_tutorial_ws/ros2_example_ws/install/examples_rclpy_minimal_subscriber:/home/samir/Samir/Projects_Others/ros2_ws/ros2_foxy_tutorial_ws/ros2_example_ws/install/examples_rclpy_minimal_service:/home/samir/Samir/Projects_Others/ros2_ws/ros2_foxy_tutorial_ws/ros2_example_ws/install/examples_rclpy_minimal_publisher:/home/samir/Samir/Projects_Others/ros2_ws/ros2_foxy_tutorial_ws/ros2_example_ws/install/examples_rclpy_minimal_client:/home/samir/Samir/Projects_Others/ros2_ws/ros2_foxy_tutorial_ws/ros2_example_ws/install/examples_rclpy_minimal_action_server:/home/samir/Samir/Projects_Others/ros2_ws/ros2_foxy_tutorial_ws/ros2_example_ws/install/examples_rclpy_minimal_action_client:/home/samir/Samir/Projects_Others/ros2_ws/ros2_foxy_tutorial_ws/ros2_example_ws/install/examples_rclpy_executors:/home/samir/Samir/Projects_Others/ros2_ws/ros2_foxy_tutorial_ws/dev_ws/install/python_parameters:/home/samir/Samir/Projects_Others/ros2_ws/ros2_foxy_tutorial_ws/dev_ws/install/py_srvcli:/home/samir/Samir/Projects_Others/ros2_ws/ros2_foxy_tutorial_ws/dev_ws/install/py_pubsub:/home/samir/Samir/Projects_Others/ros2_ws/ros2_foxy_tutorial_ws/dev_ws/install/my_package_python:/home/samir/Samir/Projects_Others/ros2_ws/ros2_foxy_tutorial_ws/dev_ws/install/my_package_cmake:/home/samir/Samir/Projects_Others/ros2_ws/ros2_foxy_tutorial_ws/dev_ws/install/cpp_srvcli:/home/samir/Samir/Projects_Others/ros2_ws/ros2_foxy_tutorial_ws/dev_ws/install/cpp_parameters:/opt/ros/foxy CONDA_PROMPT_MODIFIER=(ros2) _=/usr/bin/env /usr/bin/cmake --build /home/samir/Samir/Projects_Others/ros2_ws/ros2_foxy_tutorial_ws/ros2_example_ws/build/examples_rclcpp_minimal_client -- -j24 -l24
[3.954s] Invoking command in '/home/samir/Samir/Projects_Others/ros2_ws/ros2_foxy_tutorial_ws/ros2_example_ws/build/examples_rclcpp_minimal_client': CMAKE_PREFIX_PATH=${CMAKE_PREFIX_PATH}:/home/samir/Samir/Projects_Others/ros2_ws/ros2_foxy_tutorial_ws/ros2_example_ws/install/examples_rclpy_minimal_subscriber:/home/samir/Samir/Projects_Others/ros2_ws/ros2_foxy_tutorial_ws/ros2_example_ws/install/examples_rclpy_minimal_service:/home/samir/Samir/Projects_Others/ros2_ws/ros2_foxy_tutorial_ws/ros2_example_ws/install/examples_rclpy_minimal_publisher:/home/samir/Samir/Projects_Others/ros2_ws/ros2_foxy_tutorial_ws/ros2_example_ws/install/examples_rclpy_minimal_client:/home/samir/Samir/Projects_Others/ros2_ws/ros2_foxy_tutorial_ws/ros2_example_ws/install/examples_rclpy_minimal_action_server:/home/samir/Samir/Projects_Others/ros2_ws/ros2_foxy_tutorial_ws/ros2_example_ws/install/examples_rclpy_minimal_action_client:/home/samir/Samir/Projects_Others/ros2_ws/ros2_foxy_tutorial_ws/ros2_example_ws/install/examples_rclpy_executors:/home/samir/Samir/Projects_Others/ros2_ws/ros2_foxy_tutorial_ws/dev_ws/install/python_parameters:/home/samir/Samir/Projects_Others/ros2_ws/ros2_foxy_tutorial_ws/dev_ws/install/py_srvcli:/home/samir/Samir/Projects_Others/ros2_ws/ros2_foxy_tutorial_ws/dev_ws/install/py_pubsub:/home/samir/Samir/Projects_Others/ros2_ws/ros2_foxy_tutorial_ws/dev_ws/install/my_package_python:/home/samir/Samir/Projects_Others/ros2_ws/ros2_foxy_tutorial_ws/dev_ws/install/my_package_cmake:/home/samir/Samir/Projects_Others/ros2_ws/ros2_foxy_tutorial_ws/dev_ws/install/cpp_srvcli:/home/samir/Samir/Projects_Others/ros2_ws/ros2_foxy_tutorial_ws/dev_ws/install/cpp_parameters:/opt/ros/foxy CONDA_PROMPT_MODIFIER=(ros2) _=/usr/bin/env /usr/bin/cmake --install /home/samir/Samir/Projects_Others/ros2_ws/ros2_foxy_tutorial_ws/ros2_example_ws/build/examples_rclcpp_minimal_client
[3.964s] -- Install configuration: ""
[3.964s] -- Execute custom install script
[3.965s] -- Up-to-date symlink: /home/samir/Samir/Projects_Others/ros2_ws/ros2_foxy_tutorial_ws/ros2_example_ws/install/examples_rclcpp_minimal_client/lib/examples_rclcpp_minimal_client/client_main
[3.965s] -- Up-to-date symlink: /home/samir/Samir/Projects_Others/ros2_ws/ros2_foxy_tutorial_ws/ros2_example_ws/install/examples_rclcpp_minimal_client/share/ament_index/resource_index/package_run_dependencies/examples_rclcpp_minimal_client
[3.966s] -- Up-to-date symlink: /home/samir/Samir/Projects_Others/ros2_ws/ros2_foxy_tutorial_ws/ros2_example_ws/install/examples_rclcpp_minimal_client/share/ament_index/resource_index/parent_prefix_path/examples_rclcpp_minimal_client
[3.966s] -- Up-to-date symlink: /home/samir/Samir/Projects_Others/ros2_ws/ros2_foxy_tutorial_ws/ros2_example_ws/install/examples_rclcpp_minimal_client/share/examples_rclcpp_minimal_client/environment/ament_prefix_path.sh
[3.966s] -- Up-to-date symlink: /home/samir/Samir/Projects_Others/ros2_ws/ros2_foxy_tutorial_ws/ros2_example_ws/install/examples_rclcpp_minimal_client/share/examples_rclcpp_minimal_client/environment/ament_prefix_path.dsv
[3.967s] -- Up-to-date symlink: /home/samir/Samir/Projects_Others/ros2_ws/ros2_foxy_tutorial_ws/ros2_example_ws/install/examples_rclcpp_minimal_client/share/examples_rclcpp_minimal_client/environment/path.sh
[3.967s] -- Up-to-date symlink: /home/samir/Samir/Projects_Others/ros2_ws/ros2_foxy_tutorial_ws/ros2_example_ws/install/examples_rclcpp_minimal_client/share/examples_rclcpp_minimal_client/environment/path.dsv
[3.967s] -- Up-to-date symlink: /home/samir/Samir/Projects_Others/ros2_ws/ros2_foxy_tutorial_ws/ros2_example_ws/install/examples_rclcpp_minimal_client/share/examples_rclcpp_minimal_client/local_setup.bash
[3.968s] -- Up-to-date symlink: /home/samir/Samir/Projects_Others/ros2_ws/ros2_foxy_tutorial_ws/ros2_example_ws/install/examples_rclcpp_minimal_client/share/examples_rclcpp_minimal_client/local_setup.sh
[3.968s] -- Up-to-date symlink: /home/samir/Samir/Projects_Others/ros2_ws/ros2_foxy_tutorial_ws/ros2_example_ws/install/examples_rclcpp_minimal_client/share/examples_rclcpp_minimal_client/local_setup.zsh
[3.968s] -- Up-to-date symlink: /home/samir/Samir/Projects_Others/ros2_ws/ros2_foxy_tutorial_ws/ros2_example_ws/install/examples_rclcpp_minimal_client/share/examples_rclcpp_minimal_client/local_setup.dsv
[3.969s] -- Symlinking: /home/samir/Samir/Projects_Others/ros2_ws/ros2_foxy_tutorial_ws/ros2_example_ws/install/examples_rclcpp_minimal_client/share/examples_rclcpp_minimal_client/package.dsv
[3.978s] -- Up-to-date symlink: /home/samir/Samir/Projects_Others/ros2_ws/ros2_foxy_tutorial_ws/ros2_example_ws/install/examples_rclcpp_minimal_client/share/ament_index/resource_index/packages/examples_rclcpp_minimal_client
[3.978s] -- Up-to-date symlink: /home/samir/Samir/Projects_Others/ros2_ws/ros2_foxy_tutorial_ws/ros2_example_ws/install/examples_rclcpp_minimal_client/share/examples_rclcpp_minimal_client/cmake/examples_rclcpp_minimal_clientConfig.cmake
[3.979s] -- Up-to-date symlink: /home/samir/Samir/Projects_Others/ros2_ws/ros2_foxy_tutorial_ws/ros2_example_ws/install/examples_rclcpp_minimal_client/share/examples_rclcpp_minimal_client/cmake/examples_rclcpp_minimal_clientConfig-version.cmake
[3.979s] -- Up-to-date symlink: /home/samir/Samir/Projects_Others/ros2_ws/ros2_foxy_tutorial_ws/ros2_example_ws/install/examples_rclcpp_minimal_client/share/examples_rclcpp_minimal_client/package.xml
[3.982s] Invoked command in '/home/samir/Samir/Projects_Others/ros2_ws/ros2_foxy_tutorial_ws/ros2_example_ws/build/examples_rclcpp_minimal_client' returned '0': CMAKE_PREFIX_PATH=${CMAKE_PREFIX_PATH}:/home/samir/Samir/Projects_Others/ros2_ws/ros2_foxy_tutorial_ws/ros2_example_ws/install/examples_rclpy_minimal_subscriber:/home/samir/Samir/Projects_Others/ros2_ws/ros2_foxy_tutorial_ws/ros2_example_ws/install/examples_rclpy_minimal_service:/home/samir/Samir/Projects_Others/ros2_ws/ros2_foxy_tutorial_ws/ros2_example_ws/install/examples_rclpy_minimal_publisher:/home/samir/Samir/Projects_Others/ros2_ws/ros2_foxy_tutorial_ws/ros2_example_ws/install/examples_rclpy_minimal_client:/home/samir/Samir/Projects_Others/ros2_ws/ros2_foxy_tutorial_ws/ros2_example_ws/install/examples_rclpy_minimal_action_server:/home/samir/Samir/Projects_Others/ros2_ws/ros2_foxy_tutorial_ws/ros2_example_ws/install/examples_rclpy_minimal_action_client:/home/samir/Samir/Projects_Others/ros2_ws/ros2_foxy_tutorial_ws/ros2_example_ws/install/examples_rclpy_executors:/home/samir/Samir/Projects_Others/ros2_ws/ros2_foxy_tutorial_ws/dev_ws/install/python_parameters:/home/samir/Samir/Projects_Others/ros2_ws/ros2_foxy_tutorial_ws/dev_ws/install/py_srvcli:/home/samir/Samir/Projects_Others/ros2_ws/ros2_foxy_tutorial_ws/dev_ws/install/py_pubsub:/home/samir/Samir/Projects_Others/ros2_ws/ros2_foxy_tutorial_ws/dev_ws/install/my_package_python:/home/samir/Samir/Projects_Others/ros2_ws/ros2_foxy_tutorial_ws/dev_ws/install/my_package_cmake:/home/samir/Samir/Projects_Others/ros2_ws/ros2_foxy_tutorial_ws/dev_ws/install/cpp_srvcli:/home/samir/Samir/Projects_Others/ros2_ws/ros2_foxy_tutorial_ws/dev_ws/install/cpp_parameters:/opt/ros/foxy CONDA_PROMPT_MODIFIER=(ros2) _=/usr/bin/env /usr/bin/cmake --install /home/samir/Samir/Projects_Others/ros2_ws/ros2_foxy_tutorial_ws/ros2_example_ws/build/examples_rclcpp_minimal_client
