running develop
running egg_info
writing examples_rclpy_executors.egg-info/PKG-INFO
writing dependency_links to examples_rclpy_executors.egg-info/dependency_links.txt
writing entry points to examples_rclpy_executors.egg-info/entry_points.txt
writing requirements to examples_rclpy_executors.egg-info/requires.txt
writing top-level names to examples_rclpy_executors.egg-info/top_level.txt
reading manifest file 'examples_rclpy_executors.egg-info/SOURCES.txt'
writing manifest file 'examples_rclpy_executors.egg-info/SOURCES.txt'
running build_ext
Creating /home/samir/Samir/Projects_Others/ros2_ws/ros2_foxy_tutorial_ws/ros2_example_ws/install/examples_rclpy_executors/lib/python3.8/site-packages/examples-rclpy-executors.egg-link (link to .)
Installing callback_group script to /home/samir/Samir/Projects_Others/ros2_ws/ros2_foxy_tutorial_ws/ros2_example_ws/install/examples_rclpy_executors/lib/examples_rclpy_executors
Installing composed script to /home/samir/Samir/Projects_Others/ros2_ws/ros2_foxy_tutorial_ws/ros2_example_ws/install/examples_rclpy_executors/lib/examples_rclpy_executors
Installing custom_callback_group script to /home/samir/Samir/Projects_Others/ros2_ws/ros2_foxy_tutorial_ws/ros2_example_ws/install/examples_rclpy_executors/lib/examples_rclpy_executors
Installing custom_executor script to /home/samir/Samir/Projects_Others/ros2_ws/ros2_foxy_tutorial_ws/ros2_example_ws/install/examples_rclpy_executors/lib/examples_rclpy_executors
Installing listener script to /home/samir/Samir/Projects_Others/ros2_ws/ros2_foxy_tutorial_ws/ros2_example_ws/install/examples_rclpy_executors/lib/examples_rclpy_executors
Installing talker script to /home/samir/Samir/Projects_Others/ros2_ws/ros2_foxy_tutorial_ws/ros2_example_ws/install/examples_rclpy_executors/lib/examples_rclpy_executors

Installed /home/samir/Samir/Projects_Others/ros2_ws/ros2_foxy_tutorial_ws/ros2_example_ws/build/examples_rclpy_executors
running install_data
copying resource/examples_rclpy_executors -> /home/samir/Samir/Projects_Others/ros2_ws/ros2_foxy_tutorial_ws/ros2_example_ws/install/examples_rclpy_executors/share/ament_index/resource_index/packages
copying package.xml -> /home/samir/Samir/Projects_Others/ros2_ws/ros2_foxy_tutorial_ws/ros2_example_ws/install/examples_rclpy_executors/share/examples_rclpy_executors
