[1.575s] Invoking command in '/home/samir/Samir/Projects_Others/ros2_ws/ros2_foxy_tutorial_ws/ros2_example_ws/build/examples_rclpy_executors': CONDA_PROMPT_MODIFIER=(ros2) PYTHONPATH=/home/samir/Samir/Projects_Others/ros2_ws/ros2_foxy_tutorial_ws/ros2_example_ws/install/examples_rclpy_executors/lib/python3.8/site-packages:${PYTHONPATH} _=/usr/bin/env /usr/bin/python3 setup.py develop --prefix /home/samir/Samir/Projects_Others/ros2_ws/ros2_foxy_tutorial_ws/ros2_example_ws/install/examples_rclpy_executors --editable --build-directory /home/samir/Samir/Projects_Others/ros2_ws/ros2_foxy_tutorial_ws/ros2_example_ws/build/examples_rclpy_executors/build --no-deps install_data --install-dir /home/samir/Samir/Projects_Others/ros2_ws/ros2_foxy_tutorial_ws/ros2_example_ws/install/examples_rclpy_executors
[1.894s] running develop
[2.097s] running egg_info
[2.097s] writing examples_rclpy_executors.egg-info/PKG-INFO
[2.097s] writing dependency_links to examples_rclpy_executors.egg-info/dependency_links.txt
[2.097s] writing entry points to examples_rclpy_executors.egg-info/entry_points.txt
[2.098s] writing requirements to examples_rclpy_executors.egg-info/requires.txt
[2.098s] writing top-level names to examples_rclpy_executors.egg-info/top_level.txt
[2.137s] reading manifest file 'examples_rclpy_executors.egg-info/SOURCES.txt'
[2.148s] writing manifest file 'examples_rclpy_executors.egg-info/SOURCES.txt'
[2.326s] running build_ext
[2.332s] Creating /home/samir/Samir/Projects_Others/ros2_ws/ros2_foxy_tutorial_ws/ros2_example_ws/install/examples_rclpy_executors/lib/python3.8/site-packages/examples-rclpy-executors.egg-link (link to .)
[2.334s] Installing callback_group script to /home/samir/Samir/Projects_Others/ros2_ws/ros2_foxy_tutorial_ws/ros2_example_ws/install/examples_rclpy_executors/lib/examples_rclpy_executors
[2.334s] Installing composed script to /home/samir/Samir/Projects_Others/ros2_ws/ros2_foxy_tutorial_ws/ros2_example_ws/install/examples_rclpy_executors/lib/examples_rclpy_executors
[2.334s] Installing custom_callback_group script to /home/samir/Samir/Projects_Others/ros2_ws/ros2_foxy_tutorial_ws/ros2_example_ws/install/examples_rclpy_executors/lib/examples_rclpy_executors
[2.335s] Installing custom_executor script to /home/samir/Samir/Projects_Others/ros2_ws/ros2_foxy_tutorial_ws/ros2_example_ws/install/examples_rclpy_executors/lib/examples_rclpy_executors
[2.338s] Installing listener script to /home/samir/Samir/Projects_Others/ros2_ws/ros2_foxy_tutorial_ws/ros2_example_ws/install/examples_rclpy_executors/lib/examples_rclpy_executors
[2.339s] Installing talker script to /home/samir/Samir/Projects_Others/ros2_ws/ros2_foxy_tutorial_ws/ros2_example_ws/install/examples_rclpy_executors/lib/examples_rclpy_executors
[2.345s] 
[2.345s] Installed /home/samir/Samir/Projects_Others/ros2_ws/ros2_foxy_tutorial_ws/ros2_example_ws/build/examples_rclpy_executors
[2.346s] running install_data
[2.346s] copying resource/examples_rclpy_executors -> /home/samir/Samir/Projects_Others/ros2_ws/ros2_foxy_tutorial_ws/ros2_example_ws/install/examples_rclpy_executors/share/ament_index/resource_index/packages
[2.346s] copying package.xml -> /home/samir/Samir/Projects_Others/ros2_ws/ros2_foxy_tutorial_ws/ros2_example_ws/install/examples_rclpy_executors/share/examples_rclpy_executors
[2.441s] Invoked command in '/home/samir/Samir/Projects_Others/ros2_ws/ros2_foxy_tutorial_ws/ros2_example_ws/build/examples_rclpy_executors' returned '0': CONDA_PROMPT_MODIFIER=(ros2) PYTHONPATH=/home/samir/Samir/Projects_Others/ros2_ws/ros2_foxy_tutorial_ws/ros2_example_ws/install/examples_rclpy_executors/lib/python3.8/site-packages:${PYTHONPATH} _=/usr/bin/env /usr/bin/python3 setup.py develop --prefix /home/samir/Samir/Projects_Others/ros2_ws/ros2_foxy_tutorial_ws/ros2_example_ws/install/examples_rclpy_executors --editable --build-directory /home/samir/Samir/Projects_Others/ros2_ws/ros2_foxy_tutorial_ws/ros2_example_ws/build/examples_rclpy_executors/build --no-deps install_data --install-dir /home/samir/Samir/Projects_Others/ros2_ws/ros2_foxy_tutorial_ws/ros2_example_ws/install/examples_rclpy_executors
